make[2]: Nothing to be done for `bdw_work/wrappers/DFT_compute_wrap.h'.
Generating dependencies for ../System.cpp
Generating dependencies for ../Testbench.cpp
Generating dependencies for ../main.cpp
Generating dependencies for ../DFT_compute.cpp 
/usr/cadtool/cadence/STRATUS/cur/bin/bdw_wrapgen -project project.tcl -module DFT_compute "-Ibdw_work/wrappers  -I/usr/cadtool/cadence/STRATUS/cur/share/stratus/cynware/cynw_cm_float/c_parts -DCLOCK_PERIOD=5 -g  "
/usr/cadtool/cadence/STRATUS/cur/bin/bdw_tracegen -module DFT_compute  
/usr/cadtool/cadence/STRATUS/cur/bin/bdw_shell /usr/cadtool/cadence/STRATUS/cur/share/stratus/tcl/bdw_siminfo.tcl project.tcl B
make[3]: Nothing to be done for `bdw_work/wrappers/DFT_compute_wrap.h'.
/usr/cadtool/cadence/STRATUS/cur/tools.lnx86/stratus/gcc/4.8/bin/g++ -o bdw_work/objs/main.o -I./ -Ibdw_work/wrappers  -I/usr/cadtool/cadence/STRATUS/cur/share/stratus/cynware/cynw_cm_float/c_parts -I.. -c -DCLOCK_PERIOD=5 -g    -fPIC  -I/usr/cadtool/cadence/STRATUS/cur/share/stratus/include -I/usr/cadtool/cadence/STRATUS/cur/tools.lnx86/stratus/systemc/2.3.1/include  -DBDW_HUB=1    -DBDW_USE_SCV=0 ../main.cpp
/usr/cadtool/cadence/STRATUS/cur/tools.lnx86/stratus/gcc/4.8/bin/g++ -o bdw_work/objs/Testbench.o -I./ -Ibdw_work/wrappers  -I/usr/cadtool/cadence/STRATUS/cur/share/stratus/cynware/cynw_cm_float/c_parts -I.. -c -DCLOCK_PERIOD=5 -g    -fPIC  -I/usr/cadtool/cadence/STRATUS/cur/share/stratus/include -I/usr/cadtool/cadence/STRATUS/cur/tools.lnx86/stratus/systemc/2.3.1/include  -DBDW_HUB=1    -DBDW_USE_SCV=0 ../Testbench.cpp
/usr/cadtool/cadence/STRATUS/cur/tools.lnx86/stratus/gcc/4.8/bin/g++ -o bdw_work/objs/System.o -I./ -Ibdw_work/wrappers  -I/usr/cadtool/cadence/STRATUS/cur/share/stratus/cynware/cynw_cm_float/c_parts -I.. -c -DCLOCK_PERIOD=5 -g    -fPIC  -I/usr/cadtool/cadence/STRATUS/cur/share/stratus/include -I/usr/cadtool/cadence/STRATUS/cur/tools.lnx86/stratus/systemc/2.3.1/include  -DBDW_HUB=1    -DBDW_USE_SCV=0 ../System.cpp
/usr/cadtool/cadence/STRATUS/cur/tools.lnx86/stratus/gcc/4.8/bin/g++  -I./ -Ibdw_work/wrappers  -I/usr/cadtool/cadence/STRATUS/cur/share/stratus/cynware/cynw_cm_float/c_parts -I.. -c -DCLOCK_PERIOD=5 -g    -fPIC  -I/usr/cadtool/cadence/STRATUS/cur/share/stratus/include -I/usr/cadtool/cadence/STRATUS/cur/tools.lnx86/stratus/systemc/2.3.1/include  -DBDW_HUB=1    -DBDW_USE_SCV=0   -o bdw_work/objs/DFT_compute.o  bdw_work/wrappers/DFT_compute_wrap.cpp
make objs/libcynw_cm_float.a
make[5]: `objs/libcynw_cm_float.a' is up to date.
/usr/cadtool/cadence/STRATUS/cur/tools.lnx86/stratus/gcc/4.8/bin/g++ -Wl,--export-dynamic   \
        -Wl,-rpath,/usr/cadtool/cadence/STRATUS/cur/tools.lnx86/stratus/lib/64bit \
        -Wl,-rpath,/usr/cadtool/cadence/STRATUS/cur/tools.lnx86/lib/64bit \
        -Wl,-rpath,/usr/cadtool/cadence/STRATUS/cur/tools.lnx86/stratus/systemc/2.3.1/lib-linux64 \
	-o bdw_work/sims/B/sim_B \
	bdw_work/objs/DFT_compute.o bdw_work/objs/main.o bdw_work/objs/Testbench.o bdw_work/objs/System.o \
	 \
	 \
        bdw_work/libesc/libesc.a \
	bdw_work/libs/cynw_cm_float/objs/libcynw_cm_float.a \
	-L /usr/cadtool/cadence/STRATUS/cur/tools.lnx86/lib/64bit -L /usr/cadtool/cadence/STRATUS/cur/tools.lnx86/stratus/lib/64bit  -L /usr/cadtool/cadence/STRATUS/cur/tools.lnx86/stratus/systemc/2.3.1/lib-linux64 -lscv -lsystemc  -lhubexec -lhub  -lbdw_st  
make --no-print-directory -f Makefile scsim_B
Executing simulation: bdw_work/sims/B/sim_B  out.txt


        SystemC 2.3.1-Accellera --- Feb 14 2019 12:08:38
        Copyright (c) 1996-2014 by all Contributors,
        ALL RIGHTS RESERVED
NOTE: Cadence Design Systems Hub Simulation Platform : version 19.12-s100
**********************************************************************
* *NOTE: This simulation requires an increased SystemC stack size
*        because it uses cynw_cm_float in a behavioral simulation.
*        Be sure that you have added a set_stack_size() call after each
*        SC_CTHREAD statement for threads that access cynw_cm_float.
*        For example:
*          SC_CTHREAD(sys.dft_compute.DFT_compute.computation,clk.pos());
*          set_stack_size(0x100000);
*        If the default stack size is used, crashes may result during
*        simulation.
*************************************************************************

Info: /OSCI/SystemC: Simulation stopped by user.
Total run time = 205 ns
Simulated time == 235 ns
BDW_SIM_CONFIG_DIR=bdw_work/sims/B make saySimPassed 2>&1 | tee -a bdw_work/sims/B/bdw_sim.log
