=========================================================
Scheduler report file
Generated by stratus_hls 19.12-s100  (91710.131054)
On:          Mon Apr 25 11:38:26 2022
Project Dir: /home/m110/m110061422/EE6470/mid_v3/stratus
Module:      DFT_compute
HLS Config:  BASIC
=========================================================
Scheduler report for : gen_unvalidated_req                                                                        
------------------------------------------                                                                                            
                                                                                                                  
Op                    SID(BB;Clocked)  Pipeline Stage  IS     SRCLOC                                              
--                    ---------------  --------------  --     ------                                              
                                                                                                                  
i_real.gen_unvalidat  8 (7:FALSE)      --              FALSE  ../DFT_compute.h,l:18,c:25                          
                                                                                                                  
i_real                10 (9:FALSE)     --              FALSE  ../DFT_compute.h,l:18,c:25                          
                                                                                                                  
i_real.gen_unvalidat  11 (10:TRUE)     --              FALSE  ../DFT_compute.h,l:18,c:25                          
                                                                                                                  
i_real.gen_unvalidat  14 (13:FALSE)    --              FALSE  ../DFT_compute.h,l:18,c:25                          
                                                                                                                  
i_real.gen_unvalidat  14 (13:FALSE)    --              FALSE  ../DFT_compute.h,l:18,c:25                          
                                                                                                                  
i_real.gen_unvalidat  14 (13:FALSE)    --              FALSE  ../DFT_compute.h,l:18,c:25                          
                                                                                                                  
i_real.gen_unvalidat  14 (13:FALSE)    --              FALSE  ../DFT_compute.h,l:18,c:25                          
                                                                                                                  
                                                                                                                  
Scheduler report for : gen_prev_trig_reg_0                                                                        
------------------------------------------                                                                                            
                                                                                                                  
Op                    SID(BB;Clocked)  Pipeline Stage  IS     SRCLOC                                              
--                    ---------------  --------------  --     ------                                              
                                                                                                                  
o_dft_real.m_req.gen  6 (5:FALSE)      --              FALSE  ../DFT_compute.h,l:20,c:25                          
                                                                                                                  
o_dft_real.m_req.gen  12 (11:FALSE)    --              FALSE  ../DFT_compute.h,l:20,c:25                          
                                                                                                                  
o_dft_real.m_req.gen  12 (11:FALSE)    --              FALSE  ../DFT_compute.h,l:20,c:25                          
                                                                                                                  
                                                                                                                  
Scheduler report for : gen_prev_trig_reg_1                                                                        
------------------------------------------                                                                                            
                                                                                                                  
Op                    SID(BB;Clocked)  Pipeline Stage  IS     SRCLOC                                              
--                    ---------------  --------------  --     ------                                              
                                                                                                                  
o_dft_imag.m_req.gen  6 (5:FALSE)      --              FALSE  ../DFT_compute.h,l:21,c:26                          
                                                                                                                  
o_dft_imag.m_req.gen  12 (11:FALSE)    --              FALSE  ../DFT_compute.h,l:21,c:26                          
                                                                                                                  
o_dft_imag.m_req.gen  12 (11:FALSE)    --              FALSE  ../DFT_compute.h,l:21,c:26                          
                                                                                                                  
                                                                                                                  
Scheduler report for : gen_busy                                                                                   
-------------------------------                                                                                            
                                                                                                                  
Op                    SID(BB;Clocked)  Pipeline Stage  IS     SRCLOC                                              
--                    ---------------  --------------  --     ------                                              
                                                                                                                  
i_real.gen_busy::use  7 (6:FALSE)      --              FALSE  ../DFT_compute.h,l:18,c:25                          
                                                                                                                  
i_real.gen_busy       7 (6:FALSE)      --              FALSE  ../DFT_compute.h,l:18,c:25                          
                                                                                                                  
i_real.gen_busy       7 (6:FALSE)      --              FALSE  ../DFT_compute.h,l:18,c:25                          
                                                                                                                  
i_real.gen_busy       7 (6:FALSE)      --              FALSE  ../DFT_compute.h,l:18,c:25                          
                                                                                                                  
i_real.gen_busy       7 (6:FALSE)      --              FALSE  ../DFT_compute.h,l:18,c:25                          
                                                                                                                  
i_real.gen_busy       7 (6:FALSE)      --              FALSE  ../DFT_compute.h,l:18,c:25                          
                                                                                                                  
i_real.gen_busy       7 (6:FALSE)      --              FALSE  ../DFT_compute.h,l:18,c:25                          
                                                                                                                  
i_real.gen_busy       8 (7:FALSE)      --              FALSE  ../DFT_compute.h,l:18,c:25                          
                                                                                                                  
i_real.gen_busy       8 (7:FALSE)      --              FALSE  ../DFT_compute.h,l:18,c:25                          
                                                                                                                  
i_real.gen_busy       8 (7:FALSE)      --              FALSE  ../DFT_compute.h,l:18,c:25                          
                                                                                                                  
i_real.gen_busy       8 (7:FALSE)      --              FALSE  ../DFT_compute.h,l:18,c:25                          
                                                                                                                  
                                                                                                                  
Scheduler report for : gen_do_reg_vld                                                                             
-------------------------------------                                                                                            
                                                                                                                  
Op                    SID(BB;Clocked)  Pipeline Stage  IS     SRCLOC                                              
--                    ---------------  --------------  --     ------                                              
                                                                                                                  
i_real.gen_do_reg_vl  8 (7:FALSE)      --              FALSE  ../DFT_compute.h,l:18,c:25                          
                                                                                                                  
i_real                10 (9:FALSE)     --              FALSE  ../DFT_compute.h,l:18,c:25                          
                                                                                                                  
i_real.gen_do_reg_vl  11 (10:TRUE)     --              FALSE  ../DFT_compute.h,l:18,c:25                          
                                                                                                                  
i_real.gen_do_reg_vl  14 (13:FALSE)    --              FALSE  ../DFT_compute.h,l:18,c:25                          
                                                                                                                  
i_real.gen_do_reg_vl  14 (13:FALSE)    --              FALSE  ../DFT_compute.h,l:18,c:25                          
                                                                                                                  
i_real.gen_do_reg_vl  14 (13:FALSE)    --              FALSE  ../DFT_compute.h,l:18,c:25                          
                                                                                                                  
i_real.gen_do_reg_vl  14 (13:FALSE)    --              FALSE  ../DFT_compute.h,l:18,c:25                          
                                                                                                                  
                                                                                                                  
Scheduler report for : gen_active_0                                                                               
-----------------------------------                                                                                            
                                                                                                                  
Op                    SID(BB;Clocked)  Pipeline Stage  IS     SRCLOC                                              
--                    ---------------  --------------  --     ------                                              
                                                                                                                  
o_dft_real.m_req.gen  4 (3:FALSE)      --              FALSE  ../DFT_compute.h,l:20,c:25                          
                                                                                                                  
o_dft_real.m_req.gen  4 (3:FALSE)      --              FALSE  ../DFT_compute.h,l:20,c:25                          
                                                                                                                  
o_dft_real.m_req.gen  4 (3:FALSE)      --              FALSE  ../DFT_compute.h,l:20,c:25                          
                                                                                                                  
o_dft_real.m_req.gen  4 (3:FALSE)      --              FALSE  ../DFT_compute.h,l:20,c:25                          
                                                                                                                  
                                                                                                                  
Scheduler report for : gen_vld_0                                                                                  
--------------------------------                                                                                            
                                                                                                                  
Op                    SID(BB;Clocked)  Pipeline Stage  IS     SRCLOC                                              
--                    ---------------  --------------  --     ------                                              
                                                                                                                  
o_dft_real.gen_vld    4 (3:FALSE)      --              FALSE  ../DFT_compute.h,l:20,c:25                          
                                                                                                                  
o_dft_real.gen_vld    4 (3:FALSE)      --              FALSE  ../DFT_compute.h,l:20,c:25                          
                                                                                                                  
o_dft_real.gen_vld    4 (3:FALSE)      --              FALSE  ../DFT_compute.h,l:20,c:25                          
                                                                                                                  
o_dft_real.gen_vld    4 (3:FALSE)      --              FALSE  ../DFT_compute.h,l:20,c:25                          
                                                                                                                  
                                                                                                                  
Scheduler report for : gen_stalling_0                                                                             
-------------------------------------                                                                                            
                                                                                                                  
Op                    SID(BB;Clocked)  Pipeline Stage  IS     SRCLOC                                              
--                    ---------------  --------------  --     ------                                              
                                                                                                                  
o_dft_real.gen_stall  5 (4:TRUE)       --              FALSE  ../DFT_compute.h,l:20,c:25                          
                                                                                                                  
o_dft_real.gen_stall  6 (5:FALSE)      --              FALSE  ../DFT_compute.h,l:20,c:25                          
                                                                                                                  
o_dft_real.gen_stall  6 (5:FALSE)      --              FALSE  ../DFT_compute.h,l:20,c:25                          
                                                                                                                  
o_dft_real.gen_stall  6 (5:FALSE)      --              FALSE  ../DFT_compute.h,l:20,c:25                          
                                                                                                                  
                                                                                                                  
Scheduler report for : gen_unacked_req_0                                                                          
----------------------------------------                                                                                            
                                                                                                                  
Op                    SID(BB;Clocked)  Pipeline Stage  IS     SRCLOC                                              
--                    ---------------  --------------  --     ------                                              
                                                                                                                  
o_dft_real.gen_unack  6 (5:FALSE)      --              FALSE  ../DFT_compute.h,l:20,c:25                          
                                                                                                                  
o_dft_real.gen_unack  12 (11:FALSE)    --              FALSE  ../DFT_compute.h,l:20,c:25                          
                                                                                                                  
o_dft_real.gen_unack  12 (11:FALSE)    --              FALSE  ../DFT_compute.h,l:20,c:25                          
                                                                                                                  
                                                                                                                  
Scheduler report for : gen_next_trig_reg_0                                                                        
------------------------------------------                                                                                            
                                                                                                                  
Op                    SID(BB;Clocked)  Pipeline Stage  IS     SRCLOC                                              
--                    ---------------  --------------  --     ------                                              
                                                                                                                  
o_dft_real.m_req.gen  3 (2:TRUE)       --              FALSE  ../DFT_compute.h,l:20,c:25                          
                                                                                                                  
o_dft_real.m_req.gen  3 (2:TRUE)       --              FALSE  ../DFT_compute.h,l:20,c:25                          
                                                                                                                  
o_dft_real.m_req.gen  3 (2:TRUE)       --              FALSE  ../DFT_compute.h,l:20,c:25                          
                                                                                                                  
                                                                                                                  
Scheduler report for : gen_active_1                                                                               
-----------------------------------                                                                                            
                                                                                                                  
Op                    SID(BB;Clocked)  Pipeline Stage  IS     SRCLOC                                              
--                    ---------------  --------------  --     ------                                              
                                                                                                                  
o_dft_imag.m_req.gen  4 (3:FALSE)      --              FALSE  ../DFT_compute.h,l:21,c:26                          
                                                                                                                  
o_dft_imag.m_req.gen  4 (3:FALSE)      --              FALSE  ../DFT_compute.h,l:21,c:26                          
                                                                                                                  
o_dft_imag.m_req.gen  4 (3:FALSE)      --              FALSE  ../DFT_compute.h,l:21,c:26                          
                                                                                                                  
o_dft_imag.m_req.gen  4 (3:FALSE)      --              FALSE  ../DFT_compute.h,l:21,c:26                          
                                                                                                                  
                                                                                                                  
Scheduler report for : gen_vld_1                                                                                  
--------------------------------                                                                                            
                                                                                                                  
Op                    SID(BB;Clocked)  Pipeline Stage  IS     SRCLOC                                              
--                    ---------------  --------------  --     ------                                              
                                                                                                                  
o_dft_imag.gen_vld    4 (3:FALSE)      --              FALSE  ../DFT_compute.h,l:21,c:26                          
                                                                                                                  
o_dft_imag.gen_vld    4 (3:FALSE)      --              FALSE  ../DFT_compute.h,l:21,c:26                          
                                                                                                                  
o_dft_imag.gen_vld    4 (3:FALSE)      --              FALSE  ../DFT_compute.h,l:21,c:26                          
                                                                                                                  
o_dft_imag.gen_vld    4 (3:FALSE)      --              FALSE  ../DFT_compute.h,l:21,c:26                          
                                                                                                                  
                                                                                                                  
Scheduler report for : gen_stalling_1                                                                             
-------------------------------------                                                                                            
                                                                                                                  
Op                    SID(BB;Clocked)  Pipeline Stage  IS     SRCLOC                                              
--                    ---------------  --------------  --     ------                                              
                                                                                                                  
o_dft_imag.gen_stall  5 (4:TRUE)       --              FALSE  ../DFT_compute.h,l:21,c:26                          
                                                                                                                  
o_dft_imag.gen_stall  6 (5:FALSE)      --              FALSE  ../DFT_compute.h,l:21,c:26                          
                                                                                                                  
o_dft_imag.gen_stall  6 (5:FALSE)      --              FALSE  ../DFT_compute.h,l:21,c:26                          
                                                                                                                  
o_dft_imag.gen_stall  6 (5:FALSE)      --              FALSE  ../DFT_compute.h,l:21,c:26                          
                                                                                                                  
                                                                                                                  
Scheduler report for : gen_unacked_req_1                                                                          
----------------------------------------                                                                                            
                                                                                                                  
Op                    SID(BB;Clocked)  Pipeline Stage  IS     SRCLOC                                              
--                    ---------------  --------------  --     ------                                              
                                                                                                                  
o_dft_imag.gen_unack  6 (5:FALSE)      --              FALSE  ../DFT_compute.h,l:21,c:26                          
                                                                                                                  
o_dft_imag.gen_unack  12 (11:FALSE)    --              FALSE  ../DFT_compute.h,l:21,c:26                          
                                                                                                                  
o_dft_imag.gen_unack  12 (11:FALSE)    --              FALSE  ../DFT_compute.h,l:21,c:26                          
                                                                                                                  
                                                                                                                  
Scheduler report for : gen_next_trig_reg_1                                                                        
------------------------------------------                                                                                            
                                                                                                                  
Op                    SID(BB;Clocked)  Pipeline Stage  IS     SRCLOC                                              
--                    ---------------  --------------  --     ------                                              
                                                                                                                  
o_dft_imag.m_req.gen  3 (2:TRUE)       --              FALSE  ../DFT_compute.h,l:21,c:26                          
                                                                                                                  
o_dft_imag.m_req.gen  3 (2:TRUE)       --              FALSE  ../DFT_compute.h,l:21,c:26                          
                                                                                                                  
o_dft_imag.m_req.gen  3 (2:TRUE)       --              FALSE  ../DFT_compute.h,l:21,c:26                          
                                                                                                                  
                                                                                                                  
Scheduler report for : computation                                                                                
----------------------------------                                                                                            
                                                                                                                  
Op                    SID(BB;Clocked)  Pipeline Stage  IS     SRCLOC                                              
--                    ---------------  --------------  --     ------                                              
                                                                                                                  
i_real.m_busy_req_0.  3 (2:FALSE)      --              FALSE  @(f:../DFT_compute.h,l:18,c:25->f:/usr/cadtool/cad  
                                                                                                                  
i_real.m_stalling.re  3 (2:FALSE)      --              FALSE  @(f:../DFT_compute.h,l:18,c:25->f:/usr/cadtool/cad  
                                                                                                                  
o_dft_real.m_req.m_t  3 (2:FALSE)      --              FALSE  @(f:../DFT_compute.h,l:20,c:25->f:/usr/cadtool/cad  
                                                                                                                  
o_dft_imag.m_req.m_t  3 (2:FALSE)      --              FALSE  @(f:../DFT_compute.h,l:21,c:26->f:/usr/cadtool/cad  
                                                                                                                  
temp_imag.man         5 (4:FALSE)      --              FALSE  @(f:../DFT_compute.cpp,l:57,c:15->f:/usr/cadtool/c  
                                                                                                                  
temp_imag.exp         5 (4:FALSE)      --              FALSE  @(f:../DFT_compute.cpp,l:57,c:15->f:/usr/cadtool/c  
                                                                                                                  
temp_imag.sign        5 (4:FALSE)      --              FALSE  @(f:../DFT_compute.cpp,l:57,c:15->f:/usr/cadtool/c  
                                                                                                                  
temp_real.man         5 (4:FALSE)      --              FALSE  @(f:../DFT_compute.cpp,l:58,c:15->f:/usr/cadtool/c  
                                                                                                                  
temp_real.exp         5 (4:FALSE)      --              FALSE  @(f:../DFT_compute.cpp,l:58,c:15->f:/usr/cadtool/c  
                                                                                                                  
temp_real.sign        5 (4:FALSE)      --              FALSE  @(f:../DFT_compute.cpp,l:58,c:15->f:/usr/cadtool/c  
                                                                                                                  
temp_real             6 (4:TRUE)       --              FALSE  ../DFT_compute.cpp,l:58,c:15                        
                                                                                                                  
temp_real             6 (4:TRUE)       --              FALSE  ../DFT_compute.cpp,l:58,c:15                        
                                                                                                                  
temp_imag             6 (4:TRUE)       --              FALSE  ../DFT_compute.cpp,l:57,c:15                        
                                                                                                                  
temp_imag             6 (4:TRUE)       --              FALSE  ../DFT_compute.cpp,l:57,c:15                        
                                                                                                                  
temp_real             6 (4:TRUE)       --              FALSE  ../DFT_compute.cpp,l:58,c:15                        
                                                                                                                  
temp_imag             6 (4:TRUE)       --              FALSE  ../DFT_compute.cpp,l:57,c:15                        
                                                                                                                  
j                     7 (4:TRUE)       --              FALSE  ../DFT_compute.cpp,l:53,c:16 -> l:61,c:14           
                                                                                                                  
temp_real             7 (4:TRUE)       --              FALSE  ../DFT_compute.cpp,l:58,c:15                        
                                                                                                                  
temp_real             7 (4:TRUE)       --              FALSE  ../DFT_compute.cpp,l:58,c:15                        
                                                                                                                  
temp_imag             7 (4:TRUE)       --              FALSE  ../DFT_compute.cpp,l:57,c:15                        
                                                                                                                  
temp_imag             7 (4:TRUE)       --              FALSE  ../DFT_compute.cpp,l:57,c:15                        
                                                                                                                  
i_real.m_busy_req_0.  8 (5:FALSE)      --              FALSE  @(f:../DFT_compute.h,l:18,c:25->f:/usr/cadtool/cad  
                                                                                                                  
temp_real.man         8 (5:FALSE)      --              FALSE  @(f:../DFT_compute.cpp,l:58,c:15->f:/usr/cadtool/c  
                                                                                                                  
temp_real.exp         8 (5:FALSE)      --              FALSE  @(f:../DFT_compute.cpp,l:58,c:15->f:/usr/cadtool/c  
                                                                                                                  
temp_real.sign        8 (5:FALSE)      --              FALSE  @(f:../DFT_compute.cpp,l:58,c:15->f:/usr/cadtool/c  
                                                                                                                  
j                     8 (5:FALSE)      --              FALSE  ../DFT_compute.cpp,l:53,c:16 -> l:61,c:33           
                                                                                                                  
i_real                10 (7:TRUE)      --              FALSE  ../DFT_compute.h,l:18,c:25                          
                                                                                                                  
computation::get      10 (7:TRUE)      --              FALSE  ../DFT_compute.cpp,l:36,c:19 mapped                 
                                                                                                                  
i_real.m_busy_req_0.  11 (8:FALSE)     --              FALSE  @(f:../DFT_compute.h,l:18,c:25->f:/usr/cadtool/cad  
                                                                                                                  
get::nb_get::use_dat  13 (10:FALSE)    --              FALSE  ../DFT_compute.cpp,l:83,c:39                        
                                                                                                                  
get::nb_get::use_dat  13 (10:FALSE)    --              FALSE  ../DFT_compute.cpp,l:83,c:39                        
                                                                                                                  
get::nb_get::use_dat  13 (10:FALSE)    --              FALSE  ../DFT_compute.cpp,l:83,c:39                        
                                                                                                                  
temp_real             13 (10:FALSE)    --              TRUE   ../DFT_compute.cpp,l:58,c:15 -> l:83,c:26           
                                                                                                                  
temp_real             13 (10:FALSE)    --              TRUE   ../DFT_compute.cpp,l:58,c:15 -> l:83,c:26           
                                                                                                                  
temp_real             13 (10:FALSE)    --              TRUE   ../DFT_compute.cpp,l:58,c:15 -> l:83,c:26           
                                                                                                                  
                      14 (11:TRUE)     --              FALSE  f:../DFT_compute.cpp,l:61,c:34                      
                                                                                                                  
                      14 (11:TRUE)     --              FALSE  f:../DFT_compute.cpp,l:61,c:23                      
                                                                                                                  
bit_reverse::i.bit_r  14 (11:TRUE)     --              FALSE  @(f:../DFT_compute.cpp,l:99,c:9->l:181,c:16)        
                                                                                                                  
bit_reverse::reverse  17 (14:FALSE)    --              FALSE  @(f:../DFT_compute.cpp,l:99,c:9->l:201,c:20->l:153  
                                                                                                                  
bit_reverse::bit_rev  17 (14:FALSE)    --              FALSE  ../DFT_compute.cpp,l:99,c:9 -> (->(->l:201,c:20))   
                                                                                                                  
temp_imag.man.bit_re  17 (14:FALSE)    --              FALSE  @(f:../DFT_compute.cpp,l:57,c:15->f:/usr/cadtool/c  
                                                                                                                  
temp_imag.exp.bit_re  17 (14:FALSE)    --              FALSE  @(f:../DFT_compute.cpp,l:57,c:15->f:/usr/cadtool/c  
                                                                                                                  
temp_imag.sign.bit_r  17 (14:FALSE)    --              FALSE  @(f:../DFT_compute.cpp,l:57,c:15->f:/usr/cadtool/c  
                                                                                                                  
temp_real.man.bit_re  17 (14:FALSE)    --              FALSE  @(f:../DFT_compute.cpp,l:58,c:15->f:/usr/cadtool/c  
                                                                                                                  
temp_real.exp.bit_re  17 (14:FALSE)    --              FALSE  @(f:../DFT_compute.cpp,l:58,c:15->f:/usr/cadtool/c  
                                                                                                                  
temp_real.sign.bit_r  17 (14:FALSE)    --              FALSE  @(f:../DFT_compute.cpp,l:58,c:15->f:/usr/cadtool/c  
                                                                                                                  
bit_reverse::i.bit_r  17 (14:FALSE)    --              FALSE  @(f:../DFT_compute.cpp,l:99,c:9->l:181,c:16)        
                                                                                                                  
bit_reverse::reverse  17 (14:FALSE)    --              FALSE  @(f:../DFT_compute.cpp,l:99,c:9->l:201,c:20->l:151  
                                                                                                                  
bit_reverse::reverse  18 (15:FALSE)    --              FALSE  @(f:../DFT_compute.cpp,l:99,c:9->l:201,c:20->l:151  
                                                                                                                  
bit_reverse::bit_rev  18 (15:FALSE)    --              FALSE  ../DFT_compute.cpp,l:99,c:9                         
                                                                                                                  
bit_reverse::reverse  18 (15:FALSE)    --              FALSE  @(f:../DFT_compute.cpp,l:99,c:9->l:201,c:20->l:153  
                                                                                                                  
bit_reverse::reverse  18 (15:FALSE)    --              FALSE  ../DFT_compute.cpp,l:99,c:9                         
                                                                                                                  
bit_reverse::bit_rev  18 (15:FALSE)    --              FALSE  ../DFT_compute.cpp,l:99,c:9 -> (->(->l:201,c:20))   
                                                                                                                  
bit_reverse::reverse  18 (15:FALSE)    --              FALSE  ../DFT_compute.cpp,l:99,c:9                         
                                                                                                                  
bit_reverse::operato  18 (15:FALSE)    --              FALSE  ../DFT_compute.cpp,l:99,c:9 -> l:202,c:15           
                                                                                                                  
bit_reverse::reverse  18 (15:FALSE)    --              FALSE  @(f:../DFT_compute.cpp,l:99,c:9->l:201,c:20->l:151  
                                                                                                                  
temp_imag.bit_revers  21 (17:TRUE)     --              FALSE  ../DFT_compute.cpp,l:57,c:15                        
                                                                                                                  
temp_imag.bit_revers  21 (17:TRUE)     --              FALSE  ../DFT_compute.cpp,l:57,c:15                        
                                                                                                                  
temp_imag.bit_revers  21 (17:TRUE)     --              FALSE  ../DFT_compute.cpp,l:57,c:15                        
                                                                                                                  
temp_real.bit_revers  21 (17:TRUE)     --              FALSE  ../DFT_compute.cpp,l:58,c:15                        
                                                                                                                  
temp_real.bit_revers  21 (17:TRUE)     --              FALSE  ../DFT_compute.cpp,l:58,c:15                        
                                                                                                                  
temp_real.bit_revers  21 (17:TRUE)     --              FALSE  ../DFT_compute.cpp,l:58,c:15                        
                                                                                                                  
temp_imag.bit_revers  22 (17:TRUE)     --              FALSE  ../DFT_compute.cpp,l:57,c:15                        
                                                                                                                  
temp_imag.bit_revers  22 (17:TRUE)     --              FALSE  ../DFT_compute.cpp,l:57,c:15                        
                                                                                                                  
temp_imag.bit_revers  22 (17:TRUE)     --              FALSE  ../DFT_compute.cpp,l:57,c:15                        
                                                                                                                  
temp_real.bit_revers  22 (17:TRUE)     --              FALSE  ../DFT_compute.cpp,l:58,c:15                        
                                                                                                                  
temp_real.bit_revers  22 (17:TRUE)     --              FALSE  ../DFT_compute.cpp,l:58,c:15                        
                                                                                                                  
temp_real.bit_revers  22 (17:TRUE)     --              FALSE  ../DFT_compute.cpp,l:58,c:15                        
                                                                                                                  
temp_imag.bit_revers  23 (17:TRUE)     --              FALSE  ../DFT_compute.cpp,l:57,c:15                        
                                                                                                                  
temp_imag.bit_revers  23 (17:TRUE)     --              FALSE  ../DFT_compute.cpp,l:57,c:15                        
                                                                                                                  
temp_imag.bit_revers  23 (17:TRUE)     --              FALSE  ../DFT_compute.cpp,l:57,c:15                        
                                                                                                                  
temp_real.bit_revers  23 (17:TRUE)     --              FALSE  ../DFT_compute.cpp,l:58,c:15                        
                                                                                                                  
temp_real.bit_revers  23 (17:TRUE)     --              FALSE  ../DFT_compute.cpp,l:58,c:15                        
                                                                                                                  
temp_real.bit_revers  23 (17:TRUE)     --              FALSE  ../DFT_compute.cpp,l:58,c:15                        
                                                                                                                  
bit_reverse           24 (17:TRUE)     --              FALSE  ../DFT_compute.cpp,l:99,c:9 -> l:185,c:30           
                                                                                                                  
bit_reverse           24 (17:TRUE)     --              FALSE  ../DFT_compute.cpp,l:99,c:9 -> l:185,c:19           
                                                                                                                  
temp_imag.bit_revers  24 (17:TRUE)     --              FALSE  ../DFT_compute.cpp,l:57,c:15                        
                                                                                                                  
temp_imag.bit_revers  24 (17:TRUE)     --              FALSE  ../DFT_compute.cpp,l:57,c:15                        
                                                                                                                  
temp_imag.bit_revers  24 (17:TRUE)     --              FALSE  ../DFT_compute.cpp,l:57,c:15                        
                                                                                                                  
temp_real.bit_revers  24 (17:TRUE)     --              FALSE  ../DFT_compute.cpp,l:58,c:15                        
                                                                                                                  
temp_real.bit_revers  24 (17:TRUE)     --              FALSE  ../DFT_compute.cpp,l:58,c:15                        
                                                                                                                  
temp_real.bit_revers  24 (17:TRUE)     --              FALSE  ../DFT_compute.cpp,l:58,c:15                        
                                                                                                                  
fft::stage.fft        24 (17:TRUE)     --              FALSE  @(f:../DFT_compute.cpp,l:101,c:9->l:224,c:19)       
                                                                                                                  
temp_imag.man.fft     27 (20:FALSE)    --              FALSE  @(f:../DFT_compute.cpp,l:57,c:15->f:/usr/cadtool/c  
                                                                                                                  
temp_imag.exp.fft     27 (20:FALSE)    --              FALSE  @(f:../DFT_compute.cpp,l:57,c:15->f:/usr/cadtool/c  
                                                                                                                  
temp_imag.sign.fft    27 (20:FALSE)    --              FALSE  @(f:../DFT_compute.cpp,l:57,c:15->f:/usr/cadtool/c  
                                                                                                                  
temp_real.man.fft     27 (20:FALSE)    --              FALSE  @(f:../DFT_compute.cpp,l:58,c:15->f:/usr/cadtool/c  
                                                                                                                  
temp_real.exp.fft     27 (20:FALSE)    --              FALSE  @(f:../DFT_compute.cpp,l:58,c:15->f:/usr/cadtool/c  
                                                                                                                  
temp_real.sign.fft    27 (20:FALSE)    --              FALSE  @(f:../DFT_compute.cpp,l:58,c:15->f:/usr/cadtool/c  
                                                                                                                  
fft::stage.fft        27 (20:FALSE)    --              FALSE  @(f:../DFT_compute.cpp,l:101,c:9->l:224,c:19)       
                                                                                                                  
fft                   27 (20:FALSE)    --              FALSE  ../DFT_compute.cpp,l:101,c:9 -> l:250,c:20          
                                                                                                                  
fft::numBF.fft        27 (20:FALSE)    --              FALSE  @(f:../DFT_compute.cpp,l:101,c:9->l:225,c:16)       
                                                                                                                  
fft::cynw_cm_float::  27 (20:FALSE)    --              FALSE  @(f:../DFT_compute.cpp,l:101,c:9->l:252,c:15->f:/u  
                                                                                                                  
fft::cynw_cm_float::  27 (20:FALSE)    --              FALSE  @(f:../DFT_compute.cpp,l:101,c:9->l:252,c:15->f:/u  
                                                                                                                  
fft::cynw_cm_float::  27 (20:FALSE)    --              FALSE  @(f:../DFT_compute.cpp,l:101,c:9->l:252,c:15->f:/u  
                                                                                                                  
fft::cynw_cm_float::  27 (20:FALSE)    --              FALSE  @(f:../DFT_compute.cpp,l:101,c:9->l:252,c:15->f:/u  
                                                                                                                  
fft                   44 (21:TRUE)     --              FALSE  ../DFT_compute.cpp,l:101,c:9 -> l:236,c:38          
                                                                                                                  
fft::j.fft            46 (21:TRUE)     --              FALSE  @(f:../DFT_compute.cpp,l:101,c:9->l:222,c:19)       
                                                                                                                  
fft::a.sign.fft::ope  46 (21:TRUE)     --              FALSE  @(f:../DFT_compute.cpp,l:101,c:9->l:232,c:11->f:/u  
                                                                                                                  
fft::a.exp.fft::oper  46 (21:TRUE)     --              FALSE  @(f:../DFT_compute.cpp,l:101,c:9->l:232,c:11->f:/u  
                                                                                                                  
fft::a.man.fft::oper  46 (21:TRUE)     --              FALSE  @(f:../DFT_compute.cpp,l:101,c:9->l:232,c:11->f:/u  
                                                                                                                  
fft::operator/::cynw  46 (21:TRUE)     --              FALSE  ../DFT_compute.cpp,l:101,c:9                        
                                                                                                                  
fft::e.sign.fft::ope  46 (21:TRUE)     --              FALSE  @(f:../DFT_compute.cpp,l:101,c:9->l:232,c:14->f:/u  
                                                                                                                  
fft::e.exp.fft::oper  46 (21:TRUE)     --              FALSE  @(f:../DFT_compute.cpp,l:101,c:9->l:232,c:14->f:/u  
                                                                                                                  
fft::e.man.fft::oper  46 (21:TRUE)     --              FALSE  @(f:../DFT_compute.cpp,l:101,c:9->l:232,c:14->f:/u  
                                                                                                                  
temp_imag.man.fft     49 (23:FALSE)    --              FALSE  @(f:../DFT_compute.cpp,l:57,c:15->f:/usr/cadtool/c  
                                                                                                                  
temp_imag.exp.fft     49 (23:FALSE)    --              FALSE  @(f:../DFT_compute.cpp,l:57,c:15->f:/usr/cadtool/c  
                                                                                                                  
temp_imag.sign.fft    49 (23:FALSE)    --              FALSE  @(f:../DFT_compute.cpp,l:57,c:15->f:/usr/cadtool/c  
                                                                                                                  
temp_real.man.fft     49 (23:FALSE)    --              FALSE  @(f:../DFT_compute.cpp,l:58,c:15->f:/usr/cadtool/c  
                                                                                                                  
temp_real.exp.fft     49 (23:FALSE)    --              FALSE  @(f:../DFT_compute.cpp,l:58,c:15->f:/usr/cadtool/c  
                                                                                                                  
temp_real.sign.fft    49 (23:FALSE)    --              FALSE  @(f:../DFT_compute.cpp,l:58,c:15->f:/usr/cadtool/c  
                                                                                                                  
fft::a.sign.fft       49 (23:FALSE)    --              FALSE  @(f:../DFT_compute.cpp,l:101,c:9->l:232,c:11->f:/u  
                                                                                                                  
fft::a.exp.fft        49 (23:FALSE)    --              FALSE  @(f:../DFT_compute.cpp,l:101,c:9->l:232,c:11->f:/u  
                                                                                                                  
fft::a.man.fft        49 (23:FALSE)    --              FALSE  @(f:../DFT_compute.cpp,l:101,c:9->l:232,c:11->f:/u  
                                                                                                                  
fft::j.fft            49 (23:FALSE)    --              FALSE  @(f:../DFT_compute.cpp,l:101,c:9->l:222,c:19)       
                                                                                                                  
fft                   49 (23:FALSE)    --              FALSE  ../DFT_compute.cpp,l:101,c:9 -> l:267,c:27          
                                                                                                                  
fft                   49 (23:FALSE)    --              FALSE  ../DFT_compute.cpp,l:101,c:9 -> l:255,c:33          
                                                                                                                  
fft::operator<        49 (23:FALSE)    --              FALSE  ../DFT_compute.cpp,l:101,c:9 -> l:255,c:23          
                                                                                                                  
fft::operator+::cynw  49 (23:FALSE)    --              FALSE  ../DFT_compute.cpp,l:101,c:9                        
                                                                                                                  
fft::i.fft            49 (23:FALSE)    --              FALSE  @(f:../DFT_compute.cpp,l:101,c:9->l:222,c:16)       
                                                                                                                  
fft::a.sign.fft::ope  49 (23:FALSE)    --              FALSE  @(f:../DFT_compute.cpp,l:101,c:9->l:232,c:11->f:/u  
                                                                                                                  
fft::a.exp.fft::oper  49 (23:FALSE)    --              FALSE  @(f:../DFT_compute.cpp,l:101,c:9->l:232,c:11->f:/u  
                                                                                                                  
fft::a.man.fft::oper  49 (23:FALSE)    --              FALSE  @(f:../DFT_compute.cpp,l:101,c:9->l:232,c:11->f:/u  
                                                                                                                  
fft::cos::cos::cynw_  58 (26:FALSE)    --              FALSE  ../DFT_compute.cpp,l:101,c:9                        
                                                                                                                  
fft::sin::sin::cynw_  58 (26:FALSE)    --              FALSE  ../DFT_compute.cpp,l:101,c:9                        
                                                                                                                  
temp_imag.man.fft     58 (26:FALSE)    --              FALSE  @(f:../DFT_compute.cpp,l:57,c:15->f:/usr/cadtool/c  
                                                                                                                  
temp_imag.exp.fft     58 (26:FALSE)    --              FALSE  @(f:../DFT_compute.cpp,l:57,c:15->f:/usr/cadtool/c  
                                                                                                                  
temp_imag.sign.fft    58 (26:FALSE)    --              FALSE  @(f:../DFT_compute.cpp,l:57,c:15->f:/usr/cadtool/c  
                                                                                                                  
temp_real.man.fft     58 (26:FALSE)    --              FALSE  @(f:../DFT_compute.cpp,l:58,c:15->f:/usr/cadtool/c  
                                                                                                                  
temp_real.exp.fft     58 (26:FALSE)    --              FALSE  @(f:../DFT_compute.cpp,l:58,c:15->f:/usr/cadtool/c  
                                                                                                                  
temp_real.sign.fft    58 (26:FALSE)    --              FALSE  @(f:../DFT_compute.cpp,l:58,c:15->f:/usr/cadtool/c  
                                                                                                                  
fft::i.fft            58 (26:FALSE)    --              FALSE  @(f:../DFT_compute.cpp,l:101,c:9->l:222,c:16)       
                                                                                                                  
fft                   58 (26:FALSE)    --              FALSE  ../DFT_compute.cpp,l:101,c:9 -> l:269,c:29          
                                                                                                                  
fft::s.sign.fft::ope  58 (26:FALSE)    --              FALSE  @(f:../DFT_compute.cpp,l:101,c:9->l:232,c:20->f:/u  
                                                                                                                  
fft::s.exp.fft::oper  58 (26:FALSE)    --              FALSE  @(f:../DFT_compute.cpp,l:101,c:9->l:232,c:20->f:/u  
                                                                                                                  
fft::s.man.fft::oper  58 (26:FALSE)    --              FALSE  @(f:../DFT_compute.cpp,l:101,c:9->l:232,c:20->f:/u  
                                                                                                                  
fft::c.sign.fft::ope  58 (26:FALSE)    --              FALSE  @(f:../DFT_compute.cpp,l:101,c:9->l:232,c:17->f:/u  
                                                                                                                  
fft::c.exp.fft::oper  58 (26:FALSE)    --              FALSE  @(f:../DFT_compute.cpp,l:101,c:9->l:232,c:17->f:/u  
                                                                                                                  
fft::c.man.fft::oper  58 (26:FALSE)    --              FALSE  @(f:../DFT_compute.cpp,l:101,c:9->l:232,c:17->f:/u  
                                                                                                                  
temp_imag.fft         61 (26:TRUE)     --              FALSE  ../DFT_compute.cpp,l:57,c:15                        
                                                                                                                  
temp_imag.fft         61 (26:TRUE)     --              FALSE  ../DFT_compute.cpp,l:57,c:15                        
                                                                                                                  
temp_imag.fft         61 (26:TRUE)     --              FALSE  ../DFT_compute.cpp,l:57,c:15                        
                                                                                                                  
fft::operator*::cynw  61 (26:TRUE)     --              FALSE  ../DFT_compute.cpp,l:101,c:9                        
                                                                                                                  
temp_real.fft         64 (26:TRUE)     --              FALSE  ../DFT_compute.cpp,l:58,c:15                        
                                                                                                                  
temp_real.fft         64 (26:TRUE)     --              FALSE  ../DFT_compute.cpp,l:58,c:15                        
                                                                                                                  
temp_real.fft         64 (26:TRUE)     --              FALSE  ../DFT_compute.cpp,l:58,c:15                        
                                                                                                                  
fft::operator-::cynw  64 (26:TRUE)     --              FALSE  ../DFT_compute.cpp,l:101,c:9                        
                                                                                                                  
fft::operator*::cynw  64 (26:TRUE)     --              FALSE  ../DFT_compute.cpp,l:101,c:9                        
                                                                                                                  
fft::operator-::cynw  64 (26:TRUE)     --              FALSE  ../DFT_compute.cpp,l:101,c:9                        
                                                                                                                  
fft::temp_R.sign.fft  64 (26:TRUE)     --              FALSE  @(f:../DFT_compute.cpp,l:101,c:9->l:220,c:11->f:/u  
                                                                                                                  
fft::temp_R.exp.fft:  64 (26:TRUE)     --              FALSE  @(f:../DFT_compute.cpp,l:101,c:9->l:220,c:11->f:/u  
                                                                                                                  
fft::temp_R.man.fft:  64 (26:TRUE)     --              FALSE  @(f:../DFT_compute.cpp,l:101,c:9->l:220,c:11->f:/u  
                                                                                                                  
temp_real.fft         67 (26:TRUE)     --              FALSE  ../DFT_compute.cpp,l:58,c:15                        
                                                                                                                  
temp_real.fft         67 (26:TRUE)     --              FALSE  ../DFT_compute.cpp,l:58,c:15                        
                                                                                                                  
temp_real.fft         67 (26:TRUE)     --              FALSE  ../DFT_compute.cpp,l:58,c:15                        
                                                                                                                  
fft::operator-::cynw  67 (26:TRUE)     --              FALSE  ../DFT_compute.cpp,l:101,c:9                        
                                                                                                                  
fft::operator*::cynw  67 (26:TRUE)     --              FALSE  ../DFT_compute.cpp,l:101,c:9                        
                                                                                                                  
fft::operator-::cynw  67 (26:TRUE)     --              FALSE  ../DFT_compute.cpp,l:101,c:9                        
                                                                                                                  
fft::operator*::cynw  70 (26:TRUE)     --              FALSE  ../DFT_compute.cpp,l:101,c:9                        
                                                                                                                  
temp_real.fft         70 (26:TRUE)     --              FALSE  ../DFT_compute.cpp,l:58,c:15                        
                                                                                                                  
temp_real.fft         70 (26:TRUE)     --              FALSE  ../DFT_compute.cpp,l:58,c:15                        
                                                                                                                  
fft::operator+::cynw  70 (26:TRUE)     --              FALSE  ../DFT_compute.cpp,l:101,c:9                        
                                                                                                                  
temp_real.fft         70 (26:TRUE)     --              FALSE  ../DFT_compute.cpp,l:58,c:15                        
                                                                                                                  
fft::temp_I.sign.fft  70 (26:TRUE)     --              FALSE  @(f:../DFT_compute.cpp,l:101,c:9->l:221,c:11->f:/u  
                                                                                                                  
fft::temp_I.exp.fft:  70 (26:TRUE)     --              FALSE  @(f:../DFT_compute.cpp,l:101,c:9->l:221,c:11->f:/u  
                                                                                                                  
fft::temp_I.man.fft:  70 (26:TRUE)     --              FALSE  @(f:../DFT_compute.cpp,l:101,c:9->l:221,c:11->f:/u  
                                                                                                                  
temp_imag.fft         73 (26:TRUE)     --              FALSE  ../DFT_compute.cpp,l:57,c:15                        
                                                                                                                  
temp_imag.fft         73 (26:TRUE)     --              FALSE  ../DFT_compute.cpp,l:57,c:15                        
                                                                                                                  
temp_imag.fft         73 (26:TRUE)     --              FALSE  ../DFT_compute.cpp,l:57,c:15                        
                                                                                                                  
fft::operator-::cynw  73 (26:TRUE)     --              FALSE  ../DFT_compute.cpp,l:101,c:9                        
                                                                                                                  
fft::operator-::cynw  73 (26:TRUE)     --              FALSE  ../DFT_compute.cpp,l:101,c:9                        
                                                                                                                  
temp_real.fft         76 (26:TRUE)     --              FALSE  ../DFT_compute.cpp,l:58,c:15                        
                                                                                                                  
temp_real.fft         76 (26:TRUE)     --              FALSE  ../DFT_compute.cpp,l:58,c:15                        
                                                                                                                  
temp_real.fft         76 (26:TRUE)     --              FALSE  ../DFT_compute.cpp,l:58,c:15                        
                                                                                                                  
temp_imag.fft         76 (26:TRUE)     --              FALSE  ../DFT_compute.cpp,l:57,c:15                        
                                                                                                                  
temp_imag.fft         76 (26:TRUE)     --              FALSE  ../DFT_compute.cpp,l:57,c:15                        
                                                                                                                  
temp_imag.fft         76 (26:TRUE)     --              FALSE  ../DFT_compute.cpp,l:57,c:15                        
                                                                                                                  
fft::operator+::cynw  76 (26:TRUE)     --              FALSE  ../DFT_compute.cpp,l:101,c:9                        
                                                                                                                  
fft::operator+=       79 (26:TRUE)     --              FALSE  ../DFT_compute.cpp,l:101,c:9 -> l:267,c:39          
                                                                                                                  
temp_imag.fft         79 (26:TRUE)     --              FALSE  ../DFT_compute.cpp,l:57,c:15                        
                                                                                                                  
temp_imag.fft         79 (26:TRUE)     --              FALSE  ../DFT_compute.cpp,l:57,c:15                        
                                                                                                                  
temp_imag.fft         79 (26:TRUE)     --              FALSE  ../DFT_compute.cpp,l:57,c:15                        
                                                                                                                  
fft::operator+::cynw  79 (26:TRUE)     --              FALSE  ../DFT_compute.cpp,l:101,c:9                        
                                                                                                                  
temp_real.fft         79 (26:TRUE)     --              FALSE  ../DFT_compute.cpp,l:58,c:15                        
                                                                                                                  
temp_real.fft         79 (26:TRUE)     --              FALSE  ../DFT_compute.cpp,l:58,c:15                        
                                                                                                                  
temp_real.fft         79 (26:TRUE)     --              FALSE  ../DFT_compute.cpp,l:58,c:15                        
                                                                                                                  
fft                   79 (26:TRUE)     --              FALSE  ../DFT_compute.cpp,l:101,c:9 -> l:267,c:27          
                                                                                                                  
temp_imag.fft         82 (26:TRUE)     --              FALSE  ../DFT_compute.cpp,l:57,c:15                        
                                                                                                                  
temp_imag.fft         82 (26:TRUE)     --              FALSE  ../DFT_compute.cpp,l:57,c:15                        
                                                                                                                  
temp_imag.fft         82 (26:TRUE)     --              FALSE  ../DFT_compute.cpp,l:57,c:15                        
                                                                                                                  
j                     80 (21:FALSE)    --              FALSE  ../DFT_compute.cpp,l:53,c:16 -> l:106,c:14          
                                                                                                                  
fft                   92 (32:FALSE)    --              FALSE  ../DFT_compute.cpp,l:101,c:9 -> l:236,c:27          
                                                                                                                  
temp_imag.man         95 (35:FALSE)    --              FALSE  @(f:../DFT_compute.cpp,l:57,c:15->f:/usr/cadtool/c  
                                                                                                                  
temp_imag.exp         95 (35:FALSE)    --              FALSE  @(f:../DFT_compute.cpp,l:57,c:15->f:/usr/cadtool/c  
                                                                                                                  
temp_imag.sign        95 (35:FALSE)    --              FALSE  @(f:../DFT_compute.cpp,l:57,c:15->f:/usr/cadtool/c  
                                                                                                                  
temp_real.man         95 (35:FALSE)    --              FALSE  @(f:../DFT_compute.cpp,l:58,c:15->f:/usr/cadtool/c  
                                                                                                                  
temp_real.exp         95 (35:FALSE)    --              FALSE  @(f:../DFT_compute.cpp,l:58,c:15->f:/usr/cadtool/c  
                                                                                                                  
temp_real.sign        95 (35:FALSE)    --              FALSE  @(f:../DFT_compute.cpp,l:58,c:15->f:/usr/cadtool/c  
                                                                                                                  
j                     95 (35:FALSE)    --              FALSE  ../DFT_compute.cpp,l:53,c:16 -> l:106,c:33          
                                                                                                                  
o_dft_real            96 (36:TRUE)     --              FALSE  ../DFT_compute.h,l:20,c:25                          
                                                                                                                  
o_dft_real.m_req.m_t  96 (36:TRUE)     --              FALSE  @(f:../DFT_compute.h,l:20,c:25->f:/usr/cadtool/cad  
                                                                                                                  
temp_real             96 (36:TRUE)     --              FALSE  ../DFT_compute.cpp,l:58,c:15 -> l:125,c:37          
                                                                                                                  
put::nb_put_work::wr  96 (36:TRUE)     --              FALSE  ../DFT_compute.cpp,l:125,c:24                       
                                                                                                                  
temp_real             96 (36:TRUE)     --              FALSE  ../DFT_compute.cpp,l:58,c:15 -> l:125,c:37          
                                                                                                                  
put::nb_put_work::wr  96 (36:TRUE)     --              FALSE  ../DFT_compute.cpp,l:125,c:24                       
                                                                                                                  
temp_real             96 (36:TRUE)     --              FALSE  ../DFT_compute.cpp,l:58,c:15 -> l:125,c:37          
                                                                                                                  
put::nb_put_work::wr  96 (36:TRUE)     --              FALSE  ../DFT_compute.cpp,l:125,c:24                       
                                                                                                                  
temp_imag             96 (36:TRUE)     --              FALSE  ../DFT_compute.cpp,l:57,c:15 -> l:126,c:37          
                                                                                                                  
temp_imag             96 (36:TRUE)     --              FALSE  ../DFT_compute.cpp,l:57,c:15 -> l:126,c:37          
                                                                                                                  
temp_imag             96 (36:TRUE)     --              FALSE  ../DFT_compute.cpp,l:57,c:15 -> l:126,c:37          
                                                                                                                  
temp_imag             96 (36:TRUE)     --              TRUE   ../DFT_compute.cpp,l:57,c:15 -> l:127,c:22          
                                                                                                                  
temp_imag             96 (36:TRUE)     --              TRUE   ../DFT_compute.cpp,l:57,c:15 -> l:127,c:22          
                                                                                                                  
temp_imag             96 (36:TRUE)     --              TRUE   ../DFT_compute.cpp,l:57,c:15 -> l:127,c:22          
                                                                                                                  
temp_real             96 (36:TRUE)     --              TRUE   ../DFT_compute.cpp,l:58,c:15 -> l:128,c:22          
                                                                                                                  
temp_real             96 (36:TRUE)     --              TRUE   ../DFT_compute.cpp,l:58,c:15 -> l:128,c:22          
                                                                                                                  
temp_real             96 (36:TRUE)     --              TRUE   ../DFT_compute.cpp,l:58,c:15 -> l:128,c:22          
                                                                                                                  
o_dft_real            98 (38:TRUE)     --              FALSE  ../DFT_compute.h,l:20,c:25                          
                                                                                                                  
computation::put      98 (38:TRUE)     --              FALSE  ../DFT_compute.cpp,l:36,c:19 mapped                 
                                                                                                                  
put::nb_put_work::wr  99 (39:FALSE)    --              FALSE  ../DFT_compute.cpp,l:126,c:24                       
                                                                                                                  
put::nb_put_work::wr  99 (39:FALSE)    --              FALSE  ../DFT_compute.cpp,l:126,c:24                       
                                                                                                                  
put::nb_put_work::wr  99 (39:FALSE)    --              FALSE  ../DFT_compute.cpp,l:126,c:24                       
                                                                                                                  
o_dft_imag            99 (39:FALSE)    --              FALSE  ../DFT_compute.h,l:21,c:26                          
                                                                                                                  
o_dft_imag.m_req.m_t  99 (39:FALSE)    --              FALSE  @(f:../DFT_compute.h,l:21,c:26->f:/usr/cadtool/cad  
                                                                                                                  
o_dft_imag            101 (41:TRUE)    --              FALSE  ../DFT_compute.h,l:21,c:26                          
                                                                                                                  
computation::put      101 (41:TRUE)    --              FALSE  ../DFT_compute.cpp,l:36,c:19 mapped                 
                                                                                                                  
                      102 (42:FALSE)   --              FALSE  f:../DFT_compute.cpp,l:106,c:34                     
                                                                                                                  
                      102 (42:FALSE)   --              FALSE  f:../DFT_compute.cpp,l:106,c:23                     
                                                                                                                  
                                                                                                                  
Scheduler report for : gen_do_stall_reg_full                                                                      
--------------------------------------------                                                                                            
                                                                                                                  
Op                    SID(BB;Clocked)  Pipeline Stage  IS     SRCLOC                                              
--                    ---------------  --------------  --     ------                                              
                                                                                                                  
i_real.gen_do_stall_  6 (5:FALSE)      --              FALSE  ../DFT_compute.h,l:18,c:25                          
                                                                                                                  
i_real.gen_do_stall_  12 (11:FALSE)    --              FALSE  ../DFT_compute.h,l:18,c:25                          
                                                                                                                  
i_real.gen_do_stall_  12 (11:FALSE)    --              FALSE  ../DFT_compute.h,l:18,c:25                          
                                                                                                                  
i_real.gen_do_stall_  12 (11:FALSE)    --              FALSE  ../DFT_compute.h,l:18,c:25                          
                                                                                                                  
i_real.gen_do_stall_  12 (11:FALSE)    --              FALSE  ../DFT_compute.h,l:18,c:25                          
                                                                                                                  
                                                                                                                  
