Operating system Centos 7,
 GCC 7.3.0,
 and Cadence NC/IUS 15.20
are a supported combination.
irun(64): 15.20-s084: (c) Copyright 1995-2020 Cadence Design Systems, Inc.
Recompiling... reason: file './bdw_work/modules/DFT_compute/BASIC/DFT_compute_rtl.v' is newer than expected.
	expected: Mon Apr 25 10:39:58 2022
	actual:   Mon Apr 25 11:38:31 2022
file: bdw_work/modules/DFT_compute/BASIC/v_rtl/DFT_compute_RAM_8X8_2.v
ncvlog: *W,LIBNOF: Library file or directory "bdw_work/libs/cynw_cm_float/v_rtl" does not exist.
ncvlog: *W,SPDUSD: Include directory bdw_work/wrappers given but not used.
	Total errors/warnings found outside modules and primitives:
		errors: 0, warnings: 2
*** Registering Hub PLI1.0 Interface***
		Caching library 'worklib' ....... Done
	Elaborating the design hierarchy:
	Top level design units:
		top
	Building instance overlay tables: .................... Done
	Building instance specific data structures.
	Loading native compiled code:     .................... Done
	Design hierarchy summary:
		                  Instances  Unique
		Modules:                 14      11
		Registers:              542     536
		Scalar wires:          1671       -
		Vectored wires:         199       -
		Always blocks:          414     411
		Initial blocks:           8       8
		Cont. assignments:      515    1639
		Pseudo assignments:      48      48
		Simulation timescale:   1ps
	Writing initial simulation snapshot: worklib.top:v
Loading snapshot worklib.top:v .................... Done
*Verdi* Loading libsscore_ius152.so
*** Registering Hub PLI1.0 Interface***
ncsim> source /usr/cad/cadence/INCISIV/INCISIVE_15.20.084/tools/inca/files/ncsimrc
ncsim> 
ncsim> run

        SystemC 2.3.1-Accellera --- Feb 14 2019 12:08:38
        Copyright (c) 1996-2014 by all Contributors,
        ALL RIGHTS RESERVED
NOTE: Cadence Design Systems Hub Simulation Platform : version 19.12-s100

Info: (I804) /IEEE_Std_1666/deprecated: deprecated constructor: sc_time(uint64,bool)
Latency for sample 0 is 18446744071562067968
Testbench write thread read 1 values. Average latency 18446744071562067969.

Info: /OSCI/SystemC: Simulation stopped by user.
Simulation stopped via $stop(1) at time 1152600 PS + 0
./bdw_work/sims/top_V_BASIC.v:72 		#100 $stop;
ncsim> quit
Total run time = 1120 ns
