genus: WARNING: 32bit executable version of "genus" not found... the 64bit version will  be used instead.
TMPDIR is being set to /tmp/genus_temp_17910_ws45_m110061422_D2954i

Loading tool scripts...
Finished loading tool scripts (10 seconds elapsed).

#@ Processing -files option
@genus 1> source /usr/cadtool/cadence/STRATUS/cur/tools.lnx86/bin/bdw_genus_server
  Setting attribute of root '/': 'write_verification_files' = false
  Setting attribute of root '/': 'dp_area_mode' = true
  Setting attribute of root '/': 'multibit_mapping_effort_level' = low
  Setting attribute of root '/': 'map_to_multiple_output_gates' = false
  Setting attribute of root '/': 'auto_super_thread' = false
  Setting attribute of root '/': 'max_cpus_per_server' = 0
  Setting attribute of root '/': 'retime_verification_flow' = false
  Setting attribute of root '/': 'retime_disable_all_transitive_drvrs' = 1
  Setting attribute of root '/': 'legacy_collection' = true
  Setting attribute of root '/': 'dpopt_rewrite_csaadd' = 0
Sourcing '/usr/cadtool/cadence/STRATUS/cur/share/stratus/tcl/bdw_generic_server.tcl' (Sun Apr 24 16:16:49 CST 2022)...
Sourcing '/usr/cadtool/cadence/STRATUS/cur/share/stratus/tcl/Messaging.tcl' (Sun Apr 24 16:16:49 CST 2022)...
##########################################################################
# Starting in server mode with port 40542@ws45
#   client pid = 17886
##########################################################################
