=========================================================
Scheduler report file
Generated by stratus_hls 19.12-s100  (91710.131054)
On:          Sun Apr 24 14:27:32 2022
Project Dir: /home/m110/m110061422/EE6470/mid_v3/stratus
Module:      DFT_compute
HLS Config:  PIPELINE
=========================================================
Scheduler report for : gen_unvalidated_req                                                                        
------------------------------------------                                                                                            
                                                                                                                  
Op                    SID(BB;Clocked)  Pipeline Stage  IS     SRCLOC                                              
--                    ---------------  --------------  --     ------                                              
                                                                                                                  
i_real.gen_unvalidat  8 (7:FALSE)      --              FALSE  ../DFT_compute.h,l:18,c:25                          
                                                                                                                  
i_real                10 (9:FALSE)     --              FALSE  ../DFT_compute.h,l:18,c:25                          
                                                                                                                  
i_real.gen_unvalidat  11 (10:TRUE)     --              FALSE  ../DFT_compute.h,l:18,c:25                          
                                                                                                                  
i_real.gen_unvalidat  14 (13:FALSE)    --              FALSE  ../DFT_compute.h,l:18,c:25                          
                                                                                                                  
i_real.gen_unvalidat  14 (13:FALSE)    --              FALSE  ../DFT_compute.h,l:18,c:25                          
                                                                                                                  
i_real.gen_unvalidat  14 (13:FALSE)    --              FALSE  ../DFT_compute.h,l:18,c:25                          
                                                                                                                  
i_real.gen_unvalidat  14 (13:FALSE)    --              FALSE  ../DFT_compute.h,l:18,c:25                          
                                                                                                                  
                                                                                                                  
Scheduler report for : gen_prev_trig_reg_0                                                                        
------------------------------------------                                                                                            
                                                                                                                  
Op                    SID(BB;Clocked)  Pipeline Stage  IS     SRCLOC                                              
--                    ---------------  --------------  --     ------                                              
                                                                                                                  
o_dft_real.m_req.gen  6 (5:FALSE)      --              FALSE  ../DFT_compute.h,l:20,c:25                          
                                                                                                                  
o_dft_real.m_req.gen  12 (11:FALSE)    --              FALSE  ../DFT_compute.h,l:20,c:25                          
                                                                                                                  
o_dft_real.m_req.gen  12 (11:FALSE)    --              FALSE  ../DFT_compute.h,l:20,c:25                          
                                                                                                                  
                                                                                                                  
Scheduler report for : gen_prev_trig_reg_1                                                                        
------------------------------------------                                                                                            
                                                                                                                  
Op                    SID(BB;Clocked)  Pipeline Stage  IS     SRCLOC                                              
--                    ---------------  --------------  --     ------                                              
                                                                                                                  
o_dft_imag.m_req.gen  6 (5:FALSE)      --              FALSE  ../DFT_compute.h,l:21,c:26                          
                                                                                                                  
o_dft_imag.m_req.gen  12 (11:FALSE)    --              FALSE  ../DFT_compute.h,l:21,c:26                          
                                                                                                                  
o_dft_imag.m_req.gen  12 (11:FALSE)    --              FALSE  ../DFT_compute.h,l:21,c:26                          
                                                                                                                  
                                                                                                                  
Scheduler report for : gen_busy                                                                                   
-------------------------------                                                                                            
                                                                                                                  
Op                    SID(BB;Clocked)  Pipeline Stage  IS     SRCLOC                                              
--                    ---------------  --------------  --     ------                                              
                                                                                                                  
i_real.gen_busy::use  7 (6:FALSE)      --              FALSE  ../DFT_compute.h,l:18,c:25                          
                                                                                                                  
i_real.gen_busy       7 (6:FALSE)      --              FALSE  ../DFT_compute.h,l:18,c:25                          
                                                                                                                  
i_real.gen_busy       7 (6:FALSE)      --              FALSE  ../DFT_compute.h,l:18,c:25                          
                                                                                                                  
i_real.gen_busy       7 (6:FALSE)      --              FALSE  ../DFT_compute.h,l:18,c:25                          
                                                                                                                  
i_real.gen_busy       7 (6:FALSE)      --              FALSE  ../DFT_compute.h,l:18,c:25                          
                                                                                                                  
i_real.gen_busy       7 (6:FALSE)      --              FALSE  ../DFT_compute.h,l:18,c:25                          
                                                                                                                  
i_real.gen_busy       7 (6:FALSE)      --              FALSE  ../DFT_compute.h,l:18,c:25                          
                                                                                                                  
i_real.gen_busy       7 (6:FALSE)      --              FALSE  ../DFT_compute.h,l:18,c:25                          
                                                                                                                  
i_real.gen_busy       8 (7:FALSE)      --              FALSE  ../DFT_compute.h,l:18,c:25                          
                                                                                                                  
i_real.gen_busy       8 (7:FALSE)      --              FALSE  ../DFT_compute.h,l:18,c:25                          
                                                                                                                  
i_real.gen_busy       8 (7:FALSE)      --              FALSE  ../DFT_compute.h,l:18,c:25                          
                                                                                                                  
i_real.gen_busy       8 (7:FALSE)      --              FALSE  ../DFT_compute.h,l:18,c:25                          
                                                                                                                  
                                                                                                                  
Scheduler report for : gen_do_reg_vld                                                                             
-------------------------------------                                                                                            
                                                                                                                  
Op                    SID(BB;Clocked)  Pipeline Stage  IS     SRCLOC                                              
--                    ---------------  --------------  --     ------                                              
                                                                                                                  
i_real.gen_do_reg_vl  8 (7:FALSE)      --              FALSE  ../DFT_compute.h,l:18,c:25                          
                                                                                                                  
i_real                10 (9:FALSE)     --              FALSE  ../DFT_compute.h,l:18,c:25                          
                                                                                                                  
i_real.gen_do_reg_vl  11 (10:TRUE)     --              FALSE  ../DFT_compute.h,l:18,c:25                          
                                                                                                                  
i_real.gen_do_reg_vl  14 (13:FALSE)    --              FALSE  ../DFT_compute.h,l:18,c:25                          
                                                                                                                  
i_real.gen_do_reg_vl  14 (13:FALSE)    --              FALSE  ../DFT_compute.h,l:18,c:25                          
                                                                                                                  
i_real.gen_do_reg_vl  14 (13:FALSE)    --              FALSE  ../DFT_compute.h,l:18,c:25                          
                                                                                                                  
i_real.gen_do_reg_vl  14 (13:FALSE)    --              FALSE  ../DFT_compute.h,l:18,c:25                          
                                                                                                                  
                                                                                                                  
Scheduler report for : gen_active_0                                                                               
-----------------------------------                                                                                            
                                                                                                                  
Op                    SID(BB;Clocked)  Pipeline Stage  IS     SRCLOC                                              
--                    ---------------  --------------  --     ------                                              
                                                                                                                  
o_dft_real.m_req.gen  4 (3:FALSE)      --              FALSE  ../DFT_compute.h,l:20,c:25                          
                                                                                                                  
o_dft_real.m_req.gen  4 (3:FALSE)      --              FALSE  ../DFT_compute.h,l:20,c:25                          
                                                                                                                  
o_dft_real.m_req.gen  4 (3:FALSE)      --              FALSE  ../DFT_compute.h,l:20,c:25                          
                                                                                                                  
o_dft_real.m_req.gen  4 (3:FALSE)      --              FALSE  ../DFT_compute.h,l:20,c:25                          
                                                                                                                  
                                                                                                                  
Scheduler report for : gen_vld_0                                                                                  
--------------------------------                                                                                            
                                                                                                                  
Op                    SID(BB;Clocked)  Pipeline Stage  IS     SRCLOC                                              
--                    ---------------  --------------  --     ------                                              
                                                                                                                  
o_dft_real.gen_vld    4 (3:FALSE)      --              FALSE  ../DFT_compute.h,l:20,c:25                          
                                                                                                                  
o_dft_real.gen_vld    4 (3:FALSE)      --              FALSE  ../DFT_compute.h,l:20,c:25                          
                                                                                                                  
o_dft_real.gen_vld    4 (3:FALSE)      --              FALSE  ../DFT_compute.h,l:20,c:25                          
                                                                                                                  
o_dft_real.gen_vld    4 (3:FALSE)      --              FALSE  ../DFT_compute.h,l:20,c:25                          
                                                                                                                  
                                                                                                                  
Scheduler report for : gen_stalling_0                                                                             
-------------------------------------                                                                                            
                                                                                                                  
Op                    SID(BB;Clocked)  Pipeline Stage  IS     SRCLOC                                              
--                    ---------------  --------------  --     ------                                              
                                                                                                                  
o_dft_real.gen_stall  5 (4:TRUE)       --              FALSE  ../DFT_compute.h,l:20,c:25                          
                                                                                                                  
o_dft_real.gen_stall  6 (5:FALSE)      --              FALSE  ../DFT_compute.h,l:20,c:25                          
                                                                                                                  
o_dft_real.gen_stall  6 (5:FALSE)      --              FALSE  ../DFT_compute.h,l:20,c:25                          
                                                                                                                  
o_dft_real.gen_stall  6 (5:FALSE)      --              FALSE  ../DFT_compute.h,l:20,c:25                          
                                                                                                                  
                                                                                                                  
Scheduler report for : gen_unacked_req_0                                                                          
----------------------------------------                                                                                            
                                                                                                                  
Op                    SID(BB;Clocked)  Pipeline Stage  IS     SRCLOC                                              
--                    ---------------  --------------  --     ------                                              
                                                                                                                  
o_dft_real.gen_unack  6 (5:FALSE)      --              FALSE  ../DFT_compute.h,l:20,c:25                          
                                                                                                                  
o_dft_real.gen_unack  12 (11:FALSE)    --              FALSE  ../DFT_compute.h,l:20,c:25                          
                                                                                                                  
o_dft_real.gen_unack  12 (11:FALSE)    --              FALSE  ../DFT_compute.h,l:20,c:25                          
                                                                                                                  
                                                                                                                  
Scheduler report for : gen_next_trig_reg_0                                                                        
------------------------------------------                                                                                            
                                                                                                                  
Op                    SID(BB;Clocked)  Pipeline Stage  IS     SRCLOC                                              
--                    ---------------  --------------  --     ------                                              
                                                                                                                  
o_dft_real.m_req.gen  3 (2:TRUE)       --              FALSE  ../DFT_compute.h,l:20,c:25                          
                                                                                                                  
o_dft_real.m_req.gen  3 (2:TRUE)       --              FALSE  ../DFT_compute.h,l:20,c:25                          
                                                                                                                  
o_dft_real.m_req.gen  3 (2:TRUE)       --              FALSE  ../DFT_compute.h,l:20,c:25                          
                                                                                                                  
                                                                                                                  
Scheduler report for : gen_active_1                                                                               
-----------------------------------                                                                                            
                                                                                                                  
Op                    SID(BB;Clocked)  Pipeline Stage  IS     SRCLOC                                              
--                    ---------------  --------------  --     ------                                              
                                                                                                                  
o_dft_imag.m_req.gen  4 (3:FALSE)      --              FALSE  ../DFT_compute.h,l:21,c:26                          
                                                                                                                  
o_dft_imag.m_req.gen  4 (3:FALSE)      --              FALSE  ../DFT_compute.h,l:21,c:26                          
                                                                                                                  
o_dft_imag.m_req.gen  4 (3:FALSE)      --              FALSE  ../DFT_compute.h,l:21,c:26                          
                                                                                                                  
o_dft_imag.m_req.gen  4 (3:FALSE)      --              FALSE  ../DFT_compute.h,l:21,c:26                          
                                                                                                                  
                                                                                                                  
Scheduler report for : gen_vld_1                                                                                  
--------------------------------                                                                                            
                                                                                                                  
Op                    SID(BB;Clocked)  Pipeline Stage  IS     SRCLOC                                              
--                    ---------------  --------------  --     ------                                              
                                                                                                                  
o_dft_imag.gen_vld    4 (3:FALSE)      --              FALSE  ../DFT_compute.h,l:21,c:26                          
                                                                                                                  
o_dft_imag.gen_vld    4 (3:FALSE)      --              FALSE  ../DFT_compute.h,l:21,c:26                          
                                                                                                                  
o_dft_imag.gen_vld    4 (3:FALSE)      --              FALSE  ../DFT_compute.h,l:21,c:26                          
                                                                                                                  
o_dft_imag.gen_vld    4 (3:FALSE)      --              FALSE  ../DFT_compute.h,l:21,c:26                          
                                                                                                                  
                                                                                                                  
Scheduler report for : gen_stalling_1                                                                             
-------------------------------------                                                                                            
                                                                                                                  
Op                    SID(BB;Clocked)  Pipeline Stage  IS     SRCLOC                                              
--                    ---------------  --------------  --     ------                                              
                                                                                                                  
o_dft_imag.gen_stall  5 (4:TRUE)       --              FALSE  ../DFT_compute.h,l:21,c:26                          
                                                                                                                  
o_dft_imag.gen_stall  6 (5:FALSE)      --              FALSE  ../DFT_compute.h,l:21,c:26                          
                                                                                                                  
o_dft_imag.gen_stall  6 (5:FALSE)      --              FALSE  ../DFT_compute.h,l:21,c:26                          
                                                                                                                  
o_dft_imag.gen_stall  6 (5:FALSE)      --              FALSE  ../DFT_compute.h,l:21,c:26                          
                                                                                                                  
                                                                                                                  
Scheduler report for : gen_unacked_req_1                                                                          
----------------------------------------                                                                                            
                                                                                                                  
Op                    SID(BB;Clocked)  Pipeline Stage  IS     SRCLOC                                              
--                    ---------------  --------------  --     ------                                              
                                                                                                                  
o_dft_imag.gen_unack  6 (5:FALSE)      --              FALSE  ../DFT_compute.h,l:21,c:26                          
                                                                                                                  
o_dft_imag.gen_unack  12 (11:FALSE)    --              FALSE  ../DFT_compute.h,l:21,c:26                          
                                                                                                                  
o_dft_imag.gen_unack  12 (11:FALSE)    --              FALSE  ../DFT_compute.h,l:21,c:26                          
                                                                                                                  
                                                                                                                  
Scheduler report for : gen_next_trig_reg_1                                                                        
------------------------------------------                                                                                            
                                                                                                                  
Op                    SID(BB;Clocked)  Pipeline Stage  IS     SRCLOC                                              
--                    ---------------  --------------  --     ------                                              
                                                                                                                  
o_dft_imag.m_req.gen  3 (2:TRUE)       --              FALSE  ../DFT_compute.h,l:21,c:26                          
                                                                                                                  
o_dft_imag.m_req.gen  3 (2:TRUE)       --              FALSE  ../DFT_compute.h,l:21,c:26                          
                                                                                                                  
o_dft_imag.m_req.gen  3 (2:TRUE)       --              FALSE  ../DFT_compute.h,l:21,c:26                          
                                                                                                                  
                                                                                                                  
Scheduler report for : computation                                                                                
----------------------------------                                                                                            
                                                                                                                  
Op                    SID(BB;Clocked)  Pipeline Stage  IS     SRCLOC                                              
--                    ---------------  --------------  --     ------                                              
                                                                                                                  
i_real.m_busy_req_0.  3 (2:FALSE)      --              FALSE  @(f:../DFT_compute.h,l:18,c:25->f:/usr/cadtool/cad  
                                                                                                                  
i_real.m_stalling.re  3 (2:FALSE)      --              FALSE  @(f:../DFT_compute.h,l:18,c:25->f:/usr/cadtool/cad  
                                                                                                                  
o_dft_real.m_req.m_t  3 (2:FALSE)      --              FALSE  @(f:../DFT_compute.h,l:20,c:25->f:/usr/cadtool/cad  
                                                                                                                  
o_dft_imag.m_req.m_t  3 (2:FALSE)      --              FALSE  @(f:../DFT_compute.h,l:21,c:26->f:/usr/cadtool/cad  
                                                                                                                  
temp_imag.man         5 (4:FALSE)      --              FALSE  @(f:../DFT_compute.cpp,l:57,c:15->f:/usr/cadtool/c  
                                                                                                                  
temp_imag.exp         5 (4:FALSE)      --              FALSE  @(f:../DFT_compute.cpp,l:57,c:15->f:/usr/cadtool/c  
                                                                                                                  
temp_imag.sign        5 (4:FALSE)      --              FALSE  @(f:../DFT_compute.cpp,l:57,c:15->f:/usr/cadtool/c  
                                                                                                                  
temp_real.man         5 (4:FALSE)      --              FALSE  @(f:../DFT_compute.cpp,l:58,c:15->f:/usr/cadtool/c  
                                                                                                                  
temp_real.exp         5 (4:FALSE)      --              FALSE  @(f:../DFT_compute.cpp,l:58,c:15->f:/usr/cadtool/c  
                                                                                                                  
temp_real.sign        5 (4:FALSE)      --              FALSE  @(f:../DFT_compute.cpp,l:58,c:15->f:/usr/cadtool/c  
                                                                                                                  
temp_real             6 (4:TRUE)       --              FALSE  ../DFT_compute.cpp,l:58,c:15                        
                                                                                                                  
temp_real             6 (4:TRUE)       --              FALSE  ../DFT_compute.cpp,l:58,c:15                        
                                                                                                                  
temp_imag             6 (4:TRUE)       --              FALSE  ../DFT_compute.cpp,l:57,c:15                        
                                                                                                                  
temp_imag             6 (4:TRUE)       --              FALSE  ../DFT_compute.cpp,l:57,c:15                        
                                                                                                                  
temp_real             6 (4:TRUE)       --              FALSE  ../DFT_compute.cpp,l:58,c:15                        
                                                                                                                  
temp_imag             6 (4:TRUE)       --              FALSE  ../DFT_compute.cpp,l:57,c:15                        
                                                                                                                  
j                     7 (4:TRUE)       --              FALSE  ../DFT_compute.cpp,l:53,c:16 -> l:61,c:13           
                                                                                                                  
temp_real             7 (4:TRUE)       --              FALSE  ../DFT_compute.cpp,l:58,c:15                        
                                                                                                                  
temp_real             7 (4:TRUE)       --              FALSE  ../DFT_compute.cpp,l:58,c:15                        
                                                                                                                  
temp_imag             7 (4:TRUE)       --              FALSE  ../DFT_compute.cpp,l:57,c:15                        
                                                                                                                  
temp_imag             7 (4:TRUE)       --              FALSE  ../DFT_compute.cpp,l:57,c:15                        
                                                                                                                  
i_real.m_busy_req_0.  8 (5:FALSE)      1               FALSE  @(f:../DFT_compute.h,l:18,c:25->f:/usr/cadtool/cad  
                                                                                                                  
temp_real.man         8 (5:FALSE)      1               FALSE  @(f:../DFT_compute.cpp,l:58,c:15->f:/usr/cadtool/c  
                                                                                                                  
temp_real.exp         8 (5:FALSE)      1               FALSE  @(f:../DFT_compute.cpp,l:58,c:15->f:/usr/cadtool/c  
                                                                                                                  
temp_real.sign        8 (5:FALSE)      1               FALSE  @(f:../DFT_compute.cpp,l:58,c:15->f:/usr/cadtool/c  
                                                                                                                  
j                     8 (5:FALSE)      1               FALSE  ../DFT_compute.cpp,l:53,c:16 -> l:61,c:30           
                                                                                                                  
                      8 (5:FALSE)      1               FALSE  f:../DFT_compute.cpp,l:61,c:31                      
                                                                                                                  
                      8 (5:FALSE)      1               FALSE  f:../DFT_compute.cpp,l:61,c:21                      
                                                                                                                  
i_real                10 (7:TRUE)      2               FALSE  ../DFT_compute.h,l:18,c:25                          
                                                                                                                  
computation::get      10 (7:TRUE)      2               FALSE  ../DFT_compute.cpp,l:36,c:19 mapped                 
                                                                                                                  
i_real.m_busy_req_0.  11 (8:FALSE)     2               FALSE  @(f:../DFT_compute.h,l:18,c:25->f:/usr/cadtool/cad  
                                                                                                                  
i_real.m_stall_reg_f  13 (10:FALSE)    2               FALSE  @(f:../DFT_compute.h,l:18,c:25->f:/usr/cadtool/cad  
                                                                                                                  
get::nb_get::use_dat  13 (10:FALSE)    2               FALSE  ../DFT_compute.cpp,l:74,c:39                        
                                                                                                                  
get::nb_get::use_dat  13 (10:FALSE)    2               FALSE  ../DFT_compute.cpp,l:74,c:39                        
                                                                                                                  
get::nb_get::use_dat  13 (10:FALSE)    2               FALSE  ../DFT_compute.cpp,l:74,c:39                        
                                                                                                                  
i_real.m_stall_reg.s  13 (10:FALSE)    2               FALSE  @(f:../DFT_compute.h,l:18,c:25->f:/usr/cadtool/cad  
                                                                                                                  
i_real.m_stall_reg.e  13 (10:FALSE)    2               FALSE  @(f:../DFT_compute.h,l:18,c:25->f:/usr/cadtool/cad  
                                                                                                                  
i_real.m_stall_reg.m  13 (10:FALSE)    2               FALSE  @(f:../DFT_compute.h,l:18,c:25->f:/usr/cadtool/cad  
                                                                                                                  
get::nb_get::operato  13 (10:FALSE)    2               FALSE  ../DFT_compute.cpp,l:74,c:39                        
                                                                                                                  
get::nb_get::operato  13 (10:FALSE)    2               FALSE  ../DFT_compute.cpp,l:74,c:39                        
                                                                                                                  
get::nb_get::operato  13 (10:FALSE)    2               FALSE  ../DFT_compute.cpp,l:74,c:39                        
                                                                                                                  
temp_real             13 (10:FALSE)    2               TRUE   ../DFT_compute.cpp,l:58,c:15 -> l:74,c:26           
                                                                                                                  
temp_real             13 (10:FALSE)    2               TRUE   ../DFT_compute.cpp,l:58,c:15 -> l:74,c:26           
                                                                                                                  
temp_real             13 (10:FALSE)    2               TRUE   ../DFT_compute.cpp,l:58,c:15 -> l:74,c:26           
                                                                                                                  
bit_reverse::i.bit_r  16 (13:FALSE)    --              FALSE  @(f:../DFT_compute.cpp,l:90,c:9->l:159,c:16)        
                                                                                                                  
temp_imag.man.bit_re  17 (14:FALSE)    --              FALSE  @(f:../DFT_compute.cpp,l:57,c:15->f:/usr/cadtool/c  
                                                                                                                  
temp_imag.exp.bit_re  17 (14:FALSE)    --              FALSE  @(f:../DFT_compute.cpp,l:57,c:15->f:/usr/cadtool/c  
                                                                                                                  
temp_imag.sign.bit_r  17 (14:FALSE)    --              FALSE  @(f:../DFT_compute.cpp,l:57,c:15->f:/usr/cadtool/c  
                                                                                                                  
temp_real.man.bit_re  17 (14:FALSE)    --              FALSE  @(f:../DFT_compute.cpp,l:58,c:15->f:/usr/cadtool/c  
                                                                                                                  
temp_real.exp.bit_re  17 (14:FALSE)    --              FALSE  @(f:../DFT_compute.cpp,l:58,c:15->f:/usr/cadtool/c  
                                                                                                                  
temp_real.sign.bit_r  17 (14:FALSE)    --              FALSE  @(f:../DFT_compute.cpp,l:58,c:15->f:/usr/cadtool/c  
                                                                                                                  
bit_reverse::i.bit_r  17 (14:FALSE)    --              FALSE  @(f:../DFT_compute.cpp,l:90,c:9->l:159,c:16)        
                                                                                                                  
bit_reverse::[2].bit  17 (14:FALSE)    --              FALSE  ../DFT_compute.cpp,l:90,c:9                         
                                                                                                                  
bit_reverse::operato  17 (14:FALSE)    --              FALSE  ../DFT_compute.cpp,l:90,c:9 -> l:172,c:15           
                                                                                                                  
temp_imag.bit_revers  18 (14:TRUE)     --              FALSE  ../DFT_compute.cpp,l:57,c:15                        
                                                                                                                  
temp_imag.bit_revers  18 (14:TRUE)     --              FALSE  ../DFT_compute.cpp,l:57,c:15                        
                                                                                                                  
temp_imag.bit_revers  18 (14:TRUE)     --              FALSE  ../DFT_compute.cpp,l:57,c:15                        
                                                                                                                  
temp_real.bit_revers  18 (14:TRUE)     --              FALSE  ../DFT_compute.cpp,l:58,c:15                        
                                                                                                                  
temp_real.bit_revers  18 (14:TRUE)     --              FALSE  ../DFT_compute.cpp,l:58,c:15                        
                                                                                                                  
temp_real.bit_revers  18 (14:TRUE)     --              FALSE  ../DFT_compute.cpp,l:58,c:15                        
                                                                                                                  
temp_imag.bit_revers  19 (14:TRUE)     --              FALSE  ../DFT_compute.cpp,l:57,c:15                        
                                                                                                                  
temp_imag.bit_revers  19 (14:TRUE)     --              FALSE  ../DFT_compute.cpp,l:57,c:15                        
                                                                                                                  
temp_imag.bit_revers  19 (14:TRUE)     --              FALSE  ../DFT_compute.cpp,l:57,c:15                        
                                                                                                                  
temp_real.bit_revers  19 (14:TRUE)     --              FALSE  ../DFT_compute.cpp,l:58,c:15                        
                                                                                                                  
temp_real.bit_revers  19 (14:TRUE)     --              FALSE  ../DFT_compute.cpp,l:58,c:15                        
                                                                                                                  
temp_real.bit_revers  19 (14:TRUE)     --              FALSE  ../DFT_compute.cpp,l:58,c:15                        
                                                                                                                  
temp_imag.bit_revers  20 (14:TRUE)     --              FALSE  ../DFT_compute.cpp,l:57,c:15                        
                                                                                                                  
temp_imag.bit_revers  20 (14:TRUE)     --              FALSE  ../DFT_compute.cpp,l:57,c:15                        
                                                                                                                  
temp_imag.bit_revers  20 (14:TRUE)     --              FALSE  ../DFT_compute.cpp,l:57,c:15                        
                                                                                                                  
temp_real.bit_revers  20 (14:TRUE)     --              FALSE  ../DFT_compute.cpp,l:58,c:15                        
                                                                                                                  
temp_real.bit_revers  20 (14:TRUE)     --              FALSE  ../DFT_compute.cpp,l:58,c:15                        
                                                                                                                  
temp_real.bit_revers  20 (14:TRUE)     --              FALSE  ../DFT_compute.cpp,l:58,c:15                        
                                                                                                                  
bit_reverse           21 (14:TRUE)     --              FALSE  ../DFT_compute.cpp,l:90,c:9 -> l:162,c:30           
                                                                                                                  
bit_reverse           21 (14:TRUE)     --              FALSE  ../DFT_compute.cpp,l:90,c:9 -> l:162,c:19           
                                                                                                                  
temp_imag.bit_revers  21 (14:TRUE)     --              FALSE  ../DFT_compute.cpp,l:57,c:15                        
                                                                                                                  
temp_imag.bit_revers  21 (14:TRUE)     --              FALSE  ../DFT_compute.cpp,l:57,c:15                        
                                                                                                                  
temp_imag.bit_revers  21 (14:TRUE)     --              FALSE  ../DFT_compute.cpp,l:57,c:15                        
                                                                                                                  
temp_real.bit_revers  21 (14:TRUE)     --              FALSE  ../DFT_compute.cpp,l:58,c:15                        
                                                                                                                  
temp_real.bit_revers  21 (14:TRUE)     --              FALSE  ../DFT_compute.cpp,l:58,c:15                        
                                                                                                                  
temp_real.bit_revers  21 (14:TRUE)     --              FALSE  ../DFT_compute.cpp,l:58,c:15                        
                                                                                                                  
fft::stage.fft        23 (16:FALSE)    --              FALSE  @(f:../DFT_compute.cpp,l:92,c:9->l:194,c:19)        
                                                                                                                  
temp_imag.man.fft     24 (17:FALSE)    --              FALSE  @(f:../DFT_compute.cpp,l:57,c:15->f:/usr/cadtool/c  
                                                                                                                  
temp_imag.exp.fft     24 (17:FALSE)    --              FALSE  @(f:../DFT_compute.cpp,l:57,c:15->f:/usr/cadtool/c  
                                                                                                                  
temp_imag.sign.fft    24 (17:FALSE)    --              FALSE  @(f:../DFT_compute.cpp,l:57,c:15->f:/usr/cadtool/c  
                                                                                                                  
temp_real.man.fft     24 (17:FALSE)    --              FALSE  @(f:../DFT_compute.cpp,l:58,c:15->f:/usr/cadtool/c  
                                                                                                                  
temp_real.exp.fft     24 (17:FALSE)    --              FALSE  @(f:../DFT_compute.cpp,l:58,c:15->f:/usr/cadtool/c  
                                                                                                                  
temp_real.sign.fft    24 (17:FALSE)    --              FALSE  @(f:../DFT_compute.cpp,l:58,c:15->f:/usr/cadtool/c  
                                                                                                                  
fft::stage.fft        24 (17:FALSE)    --              FALSE  @(f:../DFT_compute.cpp,l:92,c:9->l:194,c:19)        
                                                                                                                  
fft                   24 (17:FALSE)    --              FALSE  ../DFT_compute.cpp,l:92,c:9 -> l:214,c:20           
                                                                                                                  
fft::numBF.fft        24 (17:FALSE)    --              FALSE  @(f:../DFT_compute.cpp,l:92,c:9->l:195,c:16)        
                                                                                                                  
fft::cynw_cm_float::  24 (17:FALSE)    --              FALSE  @(f:../DFT_compute.cpp,l:92,c:9->l:216,c:15->f:/us  
                                                                                                                  
fft::cynw_cm_float::  24 (17:FALSE)    --              FALSE  @(f:../DFT_compute.cpp,l:92,c:9->l:216,c:15->f:/us  
                                                                                                                  
fft::cynw_cm_float::  24 (17:FALSE)    --              FALSE  @(f:../DFT_compute.cpp,l:92,c:9->l:216,c:15->f:/us  
                                                                                                                  
fft::cynw_cm_float::  24 (17:FALSE)    --              FALSE  @(f:../DFT_compute.cpp,l:92,c:9->l:216,c:15->f:/us  
                                                                                                                  
fft                   41 (18:TRUE)     --              FALSE  ../DFT_compute.cpp,l:92,c:9 -> l:207,c:38           
                                                                                                                  
fft::j.fft            43 (18:TRUE)     --              FALSE  @(f:../DFT_compute.cpp,l:92,c:9->l:192,c:19)        
                                                                                                                  
fft::a.sign.fft::ope  43 (18:TRUE)     --              FALSE  @(f:../DFT_compute.cpp,l:92,c:9->l:202,c:11->f:/us  
                                                                                                                  
fft::a.exp.fft::oper  43 (18:TRUE)     --              FALSE  @(f:../DFT_compute.cpp,l:92,c:9->l:202,c:11->f:/us  
                                                                                                                  
fft::a.man.fft::oper  43 (18:TRUE)     --              FALSE  @(f:../DFT_compute.cpp,l:92,c:9->l:202,c:11->f:/us  
                                                                                                                  
fft::operator/::cynw  43 (18:TRUE)     --              FALSE  ../DFT_compute.cpp,l:92,c:9                         
                                                                                                                  
fft::e.sign.fft::ope  43 (18:TRUE)     --              FALSE  @(f:../DFT_compute.cpp,l:92,c:9->l:202,c:14->f:/us  
                                                                                                                  
fft::e.exp.fft::oper  43 (18:TRUE)     --              FALSE  @(f:../DFT_compute.cpp,l:92,c:9->l:202,c:14->f:/us  
                                                                                                                  
fft::e.man.fft::oper  43 (18:TRUE)     --              FALSE  @(f:../DFT_compute.cpp,l:92,c:9->l:202,c:14->f:/us  
                                                                                                                  
temp_imag.man.fft     46 (20:FALSE)    --              FALSE  @(f:../DFT_compute.cpp,l:57,c:15->f:/usr/cadtool/c  
                                                                                                                  
temp_imag.exp.fft     46 (20:FALSE)    --              FALSE  @(f:../DFT_compute.cpp,l:57,c:15->f:/usr/cadtool/c  
                                                                                                                  
temp_imag.sign.fft    46 (20:FALSE)    --              FALSE  @(f:../DFT_compute.cpp,l:57,c:15->f:/usr/cadtool/c  
                                                                                                                  
temp_real.man.fft     46 (20:FALSE)    --              FALSE  @(f:../DFT_compute.cpp,l:58,c:15->f:/usr/cadtool/c  
                                                                                                                  
temp_real.exp.fft     46 (20:FALSE)    --              FALSE  @(f:../DFT_compute.cpp,l:58,c:15->f:/usr/cadtool/c  
                                                                                                                  
temp_real.sign.fft    46 (20:FALSE)    --              FALSE  @(f:../DFT_compute.cpp,l:58,c:15->f:/usr/cadtool/c  
                                                                                                                  
fft::a.sign.fft       46 (20:FALSE)    --              FALSE  @(f:../DFT_compute.cpp,l:92,c:9->l:202,c:11->f:/us  
                                                                                                                  
fft::a.exp.fft        46 (20:FALSE)    --              FALSE  @(f:../DFT_compute.cpp,l:92,c:9->l:202,c:11->f:/us  
                                                                                                                  
fft::a.man.fft        46 (20:FALSE)    --              FALSE  @(f:../DFT_compute.cpp,l:92,c:9->l:202,c:11->f:/us  
                                                                                                                  
fft::j.fft            46 (20:FALSE)    --              FALSE  @(f:../DFT_compute.cpp,l:92,c:9->l:192,c:19)        
                                                                                                                  
fft                   46 (20:FALSE)    --              FALSE  ../DFT_compute.cpp,l:92,c:9 -> l:231,c:27           
                                                                                                                  
fft                   46 (20:FALSE)    --              FALSE  ../DFT_compute.cpp,l:92,c:9 -> l:220,c:33           
                                                                                                                  
fft::operator<        46 (20:FALSE)    --              FALSE  ../DFT_compute.cpp,l:92,c:9 -> l:220,c:23           
                                                                                                                  
fft::operator+::cynw  46 (20:FALSE)    --              FALSE  ../DFT_compute.cpp,l:92,c:9                         
                                                                                                                  
fft::i.fft            46 (20:FALSE)    --              FALSE  @(f:../DFT_compute.cpp,l:92,c:9->l:192,c:16)        
                                                                                                                  
fft::a.sign.fft::ope  46 (20:FALSE)    --              FALSE  @(f:../DFT_compute.cpp,l:92,c:9->l:202,c:11->f:/us  
                                                                                                                  
fft::a.exp.fft::oper  46 (20:FALSE)    --              FALSE  @(f:../DFT_compute.cpp,l:92,c:9->l:202,c:11->f:/us  
                                                                                                                  
fft::a.man.fft::oper  46 (20:FALSE)    --              FALSE  @(f:../DFT_compute.cpp,l:92,c:9->l:202,c:11->f:/us  
                                                                                                                  
fft::cos::cos::cynw_  55 (23:FALSE)    --              FALSE  ../DFT_compute.cpp,l:92,c:9                         
                                                                                                                  
fft::sin::sin::cynw_  55 (23:FALSE)    --              FALSE  ../DFT_compute.cpp,l:92,c:9                         
                                                                                                                  
temp_imag.man.fft     55 (23:FALSE)    --              FALSE  @(f:../DFT_compute.cpp,l:57,c:15->f:/usr/cadtool/c  
                                                                                                                  
temp_imag.exp.fft     55 (23:FALSE)    --              FALSE  @(f:../DFT_compute.cpp,l:57,c:15->f:/usr/cadtool/c  
                                                                                                                  
temp_imag.sign.fft    55 (23:FALSE)    --              FALSE  @(f:../DFT_compute.cpp,l:57,c:15->f:/usr/cadtool/c  
                                                                                                                  
temp_real.man.fft     55 (23:FALSE)    --              FALSE  @(f:../DFT_compute.cpp,l:58,c:15->f:/usr/cadtool/c  
                                                                                                                  
temp_real.exp.fft     55 (23:FALSE)    --              FALSE  @(f:../DFT_compute.cpp,l:58,c:15->f:/usr/cadtool/c  
                                                                                                                  
temp_real.sign.fft    55 (23:FALSE)    --              FALSE  @(f:../DFT_compute.cpp,l:58,c:15->f:/usr/cadtool/c  
                                                                                                                  
fft::i.fft            55 (23:FALSE)    --              FALSE  @(f:../DFT_compute.cpp,l:92,c:9->l:192,c:16)        
                                                                                                                  
fft                   55 (23:FALSE)    --              FALSE  ../DFT_compute.cpp,l:92,c:9 -> l:233,c:29           
                                                                                                                  
fft::s.sign.fft::ope  55 (23:FALSE)    --              FALSE  @(f:../DFT_compute.cpp,l:92,c:9->l:202,c:20->f:/us  
                                                                                                                  
fft::s.exp.fft::oper  55 (23:FALSE)    --              FALSE  @(f:../DFT_compute.cpp,l:92,c:9->l:202,c:20->f:/us  
                                                                                                                  
fft::s.man.fft::oper  55 (23:FALSE)    --              FALSE  @(f:../DFT_compute.cpp,l:92,c:9->l:202,c:20->f:/us  
                                                                                                                  
fft::c.sign.fft::ope  55 (23:FALSE)    --              FALSE  @(f:../DFT_compute.cpp,l:92,c:9->l:202,c:17->f:/us  
                                                                                                                  
fft::c.exp.fft::oper  55 (23:FALSE)    --              FALSE  @(f:../DFT_compute.cpp,l:92,c:9->l:202,c:17->f:/us  
                                                                                                                  
fft::c.man.fft::oper  55 (23:FALSE)    --              FALSE  @(f:../DFT_compute.cpp,l:92,c:9->l:202,c:17->f:/us  
                                                                                                                  
temp_imag.fft         58 (23:TRUE)     --              FALSE  ../DFT_compute.cpp,l:57,c:15                        
                                                                                                                  
temp_imag.fft         58 (23:TRUE)     --              FALSE  ../DFT_compute.cpp,l:57,c:15                        
                                                                                                                  
temp_imag.fft         58 (23:TRUE)     --              FALSE  ../DFT_compute.cpp,l:57,c:15                        
                                                                                                                  
fft::operator*::cynw  58 (23:TRUE)     --              FALSE  ../DFT_compute.cpp,l:92,c:9                         
                                                                                                                  
temp_real.fft         61 (23:TRUE)     --              FALSE  ../DFT_compute.cpp,l:58,c:15                        
                                                                                                                  
temp_real.fft         61 (23:TRUE)     --              FALSE  ../DFT_compute.cpp,l:58,c:15                        
                                                                                                                  
temp_real.fft         61 (23:TRUE)     --              FALSE  ../DFT_compute.cpp,l:58,c:15                        
                                                                                                                  
fft::operator-::cynw  61 (23:TRUE)     --              FALSE  ../DFT_compute.cpp,l:92,c:9                         
                                                                                                                  
fft::operator*::cynw  61 (23:TRUE)     --              FALSE  ../DFT_compute.cpp,l:92,c:9                         
                                                                                                                  
fft::operator-::cynw  61 (23:TRUE)     --              FALSE  ../DFT_compute.cpp,l:92,c:9                         
                                                                                                                  
fft::temp_R.sign.fft  61 (23:TRUE)     --              FALSE  @(f:../DFT_compute.cpp,l:92,c:9->l:190,c:11->f:/us  
                                                                                                                  
fft::temp_R.exp.fft:  61 (23:TRUE)     --              FALSE  @(f:../DFT_compute.cpp,l:92,c:9->l:190,c:11->f:/us  
                                                                                                                  
fft::temp_R.man.fft:  61 (23:TRUE)     --              FALSE  @(f:../DFT_compute.cpp,l:92,c:9->l:190,c:11->f:/us  
                                                                                                                  
temp_real.fft         64 (23:TRUE)     --              FALSE  ../DFT_compute.cpp,l:58,c:15                        
                                                                                                                  
temp_real.fft         64 (23:TRUE)     --              FALSE  ../DFT_compute.cpp,l:58,c:15                        
                                                                                                                  
temp_real.fft         64 (23:TRUE)     --              FALSE  ../DFT_compute.cpp,l:58,c:15                        
                                                                                                                  
fft::operator-::cynw  64 (23:TRUE)     --              FALSE  ../DFT_compute.cpp,l:92,c:9                         
                                                                                                                  
fft::operator*::cynw  64 (23:TRUE)     --              FALSE  ../DFT_compute.cpp,l:92,c:9                         
                                                                                                                  
fft::operator-::cynw  64 (23:TRUE)     --              FALSE  ../DFT_compute.cpp,l:92,c:9                         
                                                                                                                  
fft::operator*::cynw  67 (23:TRUE)     --              FALSE  ../DFT_compute.cpp,l:92,c:9                         
                                                                                                                  
temp_real.fft         67 (23:TRUE)     --              FALSE  ../DFT_compute.cpp,l:58,c:15                        
                                                                                                                  
temp_real.fft         67 (23:TRUE)     --              FALSE  ../DFT_compute.cpp,l:58,c:15                        
                                                                                                                  
fft::operator+::cynw  67 (23:TRUE)     --              FALSE  ../DFT_compute.cpp,l:92,c:9                         
                                                                                                                  
temp_real.fft         67 (23:TRUE)     --              FALSE  ../DFT_compute.cpp,l:58,c:15                        
                                                                                                                  
fft::temp_I.sign.fft  67 (23:TRUE)     --              FALSE  @(f:../DFT_compute.cpp,l:92,c:9->l:191,c:11->f:/us  
                                                                                                                  
fft::temp_I.exp.fft:  67 (23:TRUE)     --              FALSE  @(f:../DFT_compute.cpp,l:92,c:9->l:191,c:11->f:/us  
                                                                                                                  
fft::temp_I.man.fft:  67 (23:TRUE)     --              FALSE  @(f:../DFT_compute.cpp,l:92,c:9->l:191,c:11->f:/us  
                                                                                                                  
temp_imag.fft         70 (23:TRUE)     --              FALSE  ../DFT_compute.cpp,l:57,c:15                        
                                                                                                                  
temp_imag.fft         70 (23:TRUE)     --              FALSE  ../DFT_compute.cpp,l:57,c:15                        
                                                                                                                  
temp_imag.fft         70 (23:TRUE)     --              FALSE  ../DFT_compute.cpp,l:57,c:15                        
                                                                                                                  
fft::operator-::cynw  70 (23:TRUE)     --              FALSE  ../DFT_compute.cpp,l:92,c:9                         
                                                                                                                  
fft::operator-::cynw  70 (23:TRUE)     --              FALSE  ../DFT_compute.cpp,l:92,c:9                         
                                                                                                                  
temp_real.fft         73 (23:TRUE)     --              FALSE  ../DFT_compute.cpp,l:58,c:15                        
                                                                                                                  
temp_real.fft         73 (23:TRUE)     --              FALSE  ../DFT_compute.cpp,l:58,c:15                        
                                                                                                                  
temp_real.fft         73 (23:TRUE)     --              FALSE  ../DFT_compute.cpp,l:58,c:15                        
                                                                                                                  
temp_imag.fft         73 (23:TRUE)     --              FALSE  ../DFT_compute.cpp,l:57,c:15                        
                                                                                                                  
temp_imag.fft         73 (23:TRUE)     --              FALSE  ../DFT_compute.cpp,l:57,c:15                        
                                                                                                                  
temp_imag.fft         73 (23:TRUE)     --              FALSE  ../DFT_compute.cpp,l:57,c:15                        
                                                                                                                  
fft::operator+::cynw  73 (23:TRUE)     --              FALSE  ../DFT_compute.cpp,l:92,c:9                         
                                                                                                                  
fft::operator+=       76 (23:TRUE)     --              FALSE  ../DFT_compute.cpp,l:92,c:9 -> l:231,c:39           
                                                                                                                  
temp_imag.fft         76 (23:TRUE)     --              FALSE  ../DFT_compute.cpp,l:57,c:15                        
                                                                                                                  
temp_imag.fft         76 (23:TRUE)     --              FALSE  ../DFT_compute.cpp,l:57,c:15                        
                                                                                                                  
temp_imag.fft         76 (23:TRUE)     --              FALSE  ../DFT_compute.cpp,l:57,c:15                        
                                                                                                                  
fft::operator+::cynw  76 (23:TRUE)     --              FALSE  ../DFT_compute.cpp,l:92,c:9                         
                                                                                                                  
temp_real.fft         76 (23:TRUE)     --              FALSE  ../DFT_compute.cpp,l:58,c:15                        
                                                                                                                  
temp_real.fft         76 (23:TRUE)     --              FALSE  ../DFT_compute.cpp,l:58,c:15                        
                                                                                                                  
temp_real.fft         76 (23:TRUE)     --              FALSE  ../DFT_compute.cpp,l:58,c:15                        
                                                                                                                  
fft                   76 (23:TRUE)     --              FALSE  ../DFT_compute.cpp,l:92,c:9 -> l:231,c:27           
                                                                                                                  
temp_imag.fft         79 (23:TRUE)     --              FALSE  ../DFT_compute.cpp,l:57,c:15                        
                                                                                                                  
temp_imag.fft         79 (23:TRUE)     --              FALSE  ../DFT_compute.cpp,l:57,c:15                        
                                                                                                                  
temp_imag.fft         79 (23:TRUE)     --              FALSE  ../DFT_compute.cpp,l:57,c:15                        
                                                                                                                  
j                     77 (18:FALSE)    --              FALSE  ../DFT_compute.cpp,l:53,c:16 -> l:97,c:13           
                                                                                                                  
fft                   89 (29:FALSE)    --              FALSE  ../DFT_compute.cpp,l:92,c:9 -> l:207,c:27           
                                                                                                                  
temp_imag.man         92 (32:FALSE)    --              FALSE  @(f:../DFT_compute.cpp,l:57,c:15->f:/usr/cadtool/c  
                                                                                                                  
temp_imag.exp         92 (32:FALSE)    --              FALSE  @(f:../DFT_compute.cpp,l:57,c:15->f:/usr/cadtool/c  
                                                                                                                  
temp_imag.sign        92 (32:FALSE)    --              FALSE  @(f:../DFT_compute.cpp,l:57,c:15->f:/usr/cadtool/c  
                                                                                                                  
temp_real.man         92 (32:FALSE)    --              FALSE  @(f:../DFT_compute.cpp,l:58,c:15->f:/usr/cadtool/c  
                                                                                                                  
temp_real.exp         92 (32:FALSE)    --              FALSE  @(f:../DFT_compute.cpp,l:58,c:15->f:/usr/cadtool/c  
                                                                                                                  
temp_real.sign        92 (32:FALSE)    --              FALSE  @(f:../DFT_compute.cpp,l:58,c:15->f:/usr/cadtool/c  
                                                                                                                  
j                     92 (32:FALSE)    --              FALSE  ../DFT_compute.cpp,l:53,c:16 -> l:97,c:28           
                                                                                                                  
o_dft_real            93 (33:TRUE)     --              FALSE  ../DFT_compute.h,l:20,c:25                          
                                                                                                                  
o_dft_real.m_req.m_t  93 (33:TRUE)     --              FALSE  @(f:../DFT_compute.h,l:20,c:25->f:/usr/cadtool/cad  
                                                                                                                  
temp_real             93 (33:TRUE)     --              FALSE  ../DFT_compute.cpp,l:58,c:15 -> l:110,c:37          
                                                                                                                  
put::nb_put_work::wr  93 (33:TRUE)     --              FALSE  ../DFT_compute.cpp,l:110,c:24                       
                                                                                                                  
temp_real             93 (33:TRUE)     --              FALSE  ../DFT_compute.cpp,l:58,c:15 -> l:110,c:37          
                                                                                                                  
put::nb_put_work::wr  93 (33:TRUE)     --              FALSE  ../DFT_compute.cpp,l:110,c:24                       
                                                                                                                  
temp_real             93 (33:TRUE)     --              FALSE  ../DFT_compute.cpp,l:58,c:15 -> l:110,c:37          
                                                                                                                  
put::nb_put_work::wr  93 (33:TRUE)     --              FALSE  ../DFT_compute.cpp,l:110,c:24                       
                                                                                                                  
temp_imag             93 (33:TRUE)     --              FALSE  ../DFT_compute.cpp,l:57,c:15 -> l:111,c:37          
                                                                                                                  
temp_imag             93 (33:TRUE)     --              FALSE  ../DFT_compute.cpp,l:57,c:15 -> l:111,c:37          
                                                                                                                  
temp_imag             93 (33:TRUE)     --              FALSE  ../DFT_compute.cpp,l:57,c:15 -> l:111,c:37          
                                                                                                                  
temp_imag             93 (33:TRUE)     --              TRUE   ../DFT_compute.cpp,l:57,c:15 -> l:112,c:22          
                                                                                                                  
temp_imag             93 (33:TRUE)     --              TRUE   ../DFT_compute.cpp,l:57,c:15 -> l:112,c:22          
                                                                                                                  
temp_imag             93 (33:TRUE)     --              TRUE   ../DFT_compute.cpp,l:57,c:15 -> l:112,c:22          
                                                                                                                  
temp_real             93 (33:TRUE)     --              TRUE   ../DFT_compute.cpp,l:58,c:15 -> l:113,c:22          
                                                                                                                  
temp_real             93 (33:TRUE)     --              TRUE   ../DFT_compute.cpp,l:58,c:15 -> l:113,c:22          
                                                                                                                  
temp_real             93 (33:TRUE)     --              TRUE   ../DFT_compute.cpp,l:58,c:15 -> l:113,c:22          
                                                                                                                  
o_dft_real            95 (35:TRUE)     --              FALSE  ../DFT_compute.h,l:20,c:25                          
                                                                                                                  
computation::put      95 (35:TRUE)     --              FALSE  ../DFT_compute.cpp,l:36,c:19 mapped                 
                                                                                                                  
put::nb_put_work::wr  96 (36:FALSE)    --              FALSE  ../DFT_compute.cpp,l:111,c:24                       
                                                                                                                  
put::nb_put_work::wr  96 (36:FALSE)    --              FALSE  ../DFT_compute.cpp,l:111,c:24                       
                                                                                                                  
put::nb_put_work::wr  96 (36:FALSE)    --              FALSE  ../DFT_compute.cpp,l:111,c:24                       
                                                                                                                  
o_dft_imag            96 (36:FALSE)    --              FALSE  ../DFT_compute.h,l:21,c:26                          
                                                                                                                  
o_dft_imag.m_req.m_t  96 (36:FALSE)    --              FALSE  @(f:../DFT_compute.h,l:21,c:26->f:/usr/cadtool/cad  
                                                                                                                  
o_dft_imag            98 (38:TRUE)     --              FALSE  ../DFT_compute.h,l:21,c:26                          
                                                                                                                  
computation::put      98 (38:TRUE)     --              FALSE  ../DFT_compute.cpp,l:36,c:19 mapped                 
                                                                                                                  
                      99 (39:FALSE)    --              FALSE  f:../DFT_compute.cpp,l:97,c:29                      
                                                                                                                  
                      99 (39:FALSE)    --              FALSE  f:../DFT_compute.cpp,l:97,c:19                      
                                                                                                                  
                                                                                                                  
Scheduler report for : gen_do_stall_reg                                                                           
---------------------------------------                                                                                            
                                                                                                                  
Op                    SID(BB;Clocked)  Pipeline Stage  IS     SRCLOC                                              
--                    ---------------  --------------  --     ------                                              
                                                                                                                  
i_real.sign           4 (3:FALSE)      --              FALSE  ../DFT_compute.h,l:18,c:25                          
                                                                                                                  
i_real.sign           4 (3:FALSE)      --              FALSE  ../DFT_compute.h,l:18,c:25                          
                                                                                                                  
i_real.sign           4 (3:FALSE)      --              FALSE  ../DFT_compute.h,l:18,c:25                          
                                                                                                                  
i_real.gen_do_stall_  5 (4:TRUE)       --              FALSE  ../DFT_compute.h,l:18,c:25                          
                                                                                                                  
i_real.gen_do_stall_  5 (4:TRUE)       --              FALSE  ../DFT_compute.h,l:18,c:25                          
                                                                                                                  
i_real.gen_do_stall_  5 (4:TRUE)       --              FALSE  ../DFT_compute.h,l:18,c:25                          
                                                                                                                  
i_real.gen_do_stall_  8 (7:FALSE)      --              FALSE  ../DFT_compute.h,l:18,c:25                          
                                                                                                                  
i_real.gen_do_stall_  8 (7:FALSE)      --              FALSE  ../DFT_compute.h,l:18,c:25                          
                                                                                                                  
i_real.gen_do_stall_  8 (7:FALSE)      --              FALSE  ../DFT_compute.h,l:18,c:25                          
                                                                                                                  
i_real.gen_do_stall_  8 (7:FALSE)      --              FALSE  ../DFT_compute.h,l:18,c:25                          
                                                                                                                  
i_real.gen_do_stall_  8 (7:FALSE)      --              FALSE  ../DFT_compute.h,l:18,c:25                          
                                                                                                                  
i_real.gen_do_stall_  8 (7:FALSE)      --              FALSE  ../DFT_compute.h,l:18,c:25                          
                                                                                                                  
i_real.gen_do_stall_  10 (9:FALSE)     --              FALSE  ../DFT_compute.h,l:18,c:25                          
                                                                                                                  
i_real.gen_do_stall_  10 (9:FALSE)     --              FALSE  ../DFT_compute.h,l:18,c:25                          
                                                                                                                  
i_real.gen_do_stall_  10 (9:FALSE)     --              FALSE  ../DFT_compute.h,l:18,c:25                          
                                                                                                                  
i_real.gen_do_stall_  10 (9:FALSE)     --              FALSE  ../DFT_compute.h,l:18,c:25                          
                                                                                                                  
i_real.gen_do_stall_  10 (9:FALSE)     --              FALSE  ../DFT_compute.h,l:18,c:25                          
                                                                                                                  
i_real.gen_do_stall_  10 (9:FALSE)     --              FALSE  ../DFT_compute.h,l:18,c:25                          
                                                                                                                  
i_real.gen_do_stall_  9 (8:FALSE)      --              FALSE  ../DFT_compute.h,l:18,c:25                          
                                                                                                                  
i_real.gen_do_stall_  9 (8:FALSE)      --              FALSE  ../DFT_compute.h,l:18,c:25                          
                                                                                                                  
i_real.gen_do_stall_  9 (8:FALSE)      --              FALSE  ../DFT_compute.h,l:18,c:25                          
                                                                                                                  
i_real.gen_do_stall_  13 (11:FALSE)    --              FALSE  ../DFT_compute.h,l:18,c:25                          
                                                                                                                  
i_real.gen_do_stall_  13 (11:FALSE)    --              FALSE  ../DFT_compute.h,l:18,c:25                          
                                                                                                                  
i_real.gen_do_stall_  13 (11:FALSE)    --              FALSE  ../DFT_compute.h,l:18,c:25                          
                                                                                                                  
                                                                                                                  
Scheduler report for : gen_do_stall_reg_full                                                                      
--------------------------------------------                                                                                            
                                                                                                                  
Op                    SID(BB;Clocked)  Pipeline Stage  IS     SRCLOC                                              
--                    ---------------  --------------  --     ------                                              
                                                                                                                  
i_real.gen_do_stall_  6 (5:FALSE)      --              FALSE  ../DFT_compute.h,l:18,c:25                          
                                                                                                                  
i_real.gen_do_stall_  12 (11:FALSE)    --              FALSE  ../DFT_compute.h,l:18,c:25                          
                                                                                                                  
i_real.gen_do_stall_  12 (11:FALSE)    --              FALSE  ../DFT_compute.h,l:18,c:25                          
                                                                                                                  
i_real.gen_do_stall_  12 (11:FALSE)    --              FALSE  ../DFT_compute.h,l:18,c:25                          
                                                                                                                  
i_real.gen_do_stall_  12 (11:FALSE)    --              FALSE  ../DFT_compute.h,l:18,c:25                          
                                                                                                                  
                                                                                                                  
